#
# There is insufficient memory for the Java Runtime Environment to continue.
# Native memory allocation (malloc) failed to allocate 1048576 bytes for AllocateHeap
# Possible reasons:
#   The system is out of physical RAM or swap space
#   The process is running with CompressedOops enabled, and the Java Heap may be blocking the growth of the native heap
# Possible solutions:
#   Reduce memory load on the system
#   Increase physical memory or swap space
#   Check if swap backing store is full
#   Decrease Java heap size (-Xmx/-Xms)
#   Decrease number of Java threads
#   Decrease Java thread stack sizes (-Xss)
#   Set larger code cache with -XX:ReservedCodeCacheSize=
#   JVM is running with Unscaled Compressed Oops mode in which the Java heap is
#     placed in the first 4GB address space. The Java Heap base address is the
#     maximum limit for the native heap growth. Please use -XX:HeapBaseMinAddress
#     to set the Java Heap base and to place the Java Heap above 4GB virtual address.
# This output file may be truncated or incomplete.
#
#  Out of Memory Error (./src/hotspot/share/memory/allocation.cpp:46), pid=3488, tid=2932
#
# JRE version: OpenJDK Runtime Environment JBR-11.0.9.1.11-1145.63-jcef (11.0.9.1+11) (build 11.0.9.1+11-b1145.63)
# Java VM: OpenJDK 64-Bit Server VM JBR-11.0.9.1.11-1145.63-jcef (11.0.9.1+11-b1145.63, mixed mode, tiered, compressed oops, g1 gc, windows-amd64)
# No core dump will be written. Minidumps are not enabled by default on client versions of Windows
#

---------------  S U M M A R Y ------------

Command Line: -XX:TieredStopAtLevel=1 -Xverify:none -Dspring.output.ansi.enabled=always -javaagent:G:\Soft\IntelliJ IDEA 2020.3\lib\idea_rt.jar=59773:G:\Soft\IntelliJ IDEA 2020.3\bin -Dcom.sun.management.jmxremote -Dspring.jmx.enabled=true -Dspring.liveBeansView.mbeanDomain -Dspring.application.admin.enabled=true -Dfile.encoding=UTF-8 kz.ktu.touroperator.TourOperatorApplication

Host: Intel(R) Core(TM) i5-4210U CPU @ 1.70GHz, 4 cores, 7G,  Windows 10 , 64 bit Build 19041 (10.0.19041.804)
Time: Sat Feb 20 00:09:33 2021 Центральная Азия (зима) elapsed time: 7.931078 seconds (0d 0h 0m 7s)

---------------  T H R E A D  ---------------

Current thread (0x000002bfff1fa000):  VMThread "VM Thread" [stack: 0x000000c647600000,0x000000c647700000] [id=2932]

Stack: [0x000000c647600000,0x000000c647700000]
[error occurred during error reporting (printing stack bounds), id 0xc0000005, EXCEPTION_ACCESS_VIOLATION (0xc0000005) at pc=0x000002bf80000dad]

Native frames: (J=compiled Java code, j=interpreted, Vv=VM code, C=native code)
V  [jvm.dll+0x5edd9a]
V  [jvm.dll+0x7229c5]
V  [jvm.dll+0x723f1d]
V  [jvm.dll+0x724535]
V  [jvm.dll+0x7244eb]
V  [jvm.dll+0x5ed1f8]
V  [jvm.dll+0x5ed988]
C  [ntdll.dll+0xa197f]
C  [ntdll.dll+0x4b754]
C  [ntdll.dll+0xa04ae]
C  0x000002bf80000dad

VM_Operation (0x000000c6486fb1b0): CollectForMetadataAllocation, mode: safepoint, requested by thread 0x000002bf933bb000


---------------  P R O C E S S  ---------------

Threads class SMR info:
_java_thread_list=0x000002bf92fa0da0, length=19, elements={
0x000002bff8596800, 0x000002bfff21e800, 0x000002bfff220000, 0x000002bfffbbc000,
0x000002bfffbbd000, 0x000002bfffbbe000, 0x000002bfff25d800, 0x000002bfffc94800,
0x000002bf9306a000, 0x000002bf9306e000, 0x000002bf93275800, 0x000002bf93776000,
0x000002bf933bb000, 0x000002bf9425b800, 0x000002bf94309800, 0x000002bf94ad3000,
0x000002bf94ad4800, 0x000002bf94ad2800, 0x000002bf94ad4000
}

Java Threads: ( => current thread )
  0x000002bff8596800 JavaThread "main" [_thread_blocked, id=10396, stack(0x000000c647000000,0x000000c647100000)]
  0x000002bfff21e800 JavaThread "Reference Handler" daemon [_thread_blocked, id=11064, stack(0x000000c647700000,0x000000c647800000)]
  0x000002bfff220000 JavaThread "Finalizer" daemon [_thread_blocked, id=7276, stack(0x000000c647800000,0x000000c647900000)]
  0x000002bfffbbc000 JavaThread "Signal Dispatcher" daemon [_thread_blocked, id=5040, stack(0x000000c647900000,0x000000c647a00000)]
  0x000002bfffbbd000 JavaThread "Attach Listener" daemon [_thread_blocked, id=11560, stack(0x000000c647a00000,0x000000c647b00000)]
  0x000002bfffbbe000 JavaThread "C1 CompilerThread0" daemon [_thread_blocked, id=2432, stack(0x000000c647b00000,0x000000c647c00000)]
  0x000002bfff25d800 JavaThread "Sweeper thread" daemon [_thread_blocked, id=1760, stack(0x000000c647c00000,0x000000c647d00000)]
  0x000002bfffc94800 JavaThread "Common-Cleaner" daemon [_thread_blocked, id=8552, stack(0x000000c647d00000,0x000000c647e00000)]
  0x000002bf9306a000 JavaThread "Monitor Ctrl-Break" daemon [_thread_in_native, id=3496, stack(0x000000c647e00000,0x000000c647f00000)]
  0x000002bf9306e000 JavaThread "Service Thread" daemon [_thread_blocked, id=2064, stack(0x000000c647f00000,0x000000c648000000)]
  0x000002bf93275800 JavaThread "RMI TCP Accept-0" daemon [_thread_in_native, id=8340, stack(0x000000c648000000,0x000000c648100000)]
  0x000002bf93776000 JavaThread "Thread-0" [_thread_blocked, id=1480, stack(0x000000c648500000,0x000000c648600000)]
  0x000002bf933bb000 JavaThread "restartedMain" [_thread_blocked, id=6692, stack(0x000000c648600000,0x000000c648700000)]
  0x000002bf9425b800 JavaThread "RMI TCP Connection(1)-172.21.160.1" daemon [_thread_blocked, id=9732, stack(0x000000c648700000,0x000000c648800000)]
  0x000002bf94309800 JavaThread "RMI Scheduler(0)" daemon [_thread_blocked, id=4656, stack(0x000000c648800000,0x000000c648900000)]
  0x000002bf94ad3000 JavaThread "Catalina-utility-1" [_thread_blocked, id=9212, stack(0x000000c648a00000,0x000000c648b00000)]
  0x000002bf94ad4800 JavaThread "Catalina-utility-2" [_thread_blocked, id=5956, stack(0x000000c648b00000,0x000000c648c00000)]
  0x000002bf94ad2800 JavaThread "container-0" [_thread_blocked, id=11768, stack(0x000000c648c00000,0x000000c648d00000)]
  0x000002bf94ad4000 JavaThread "mysql-cj-abandoned-connection-cleanup" daemon [_thread_blocked, id=8808, stack(0x000000c648d00000,0x000000c648e00000)]

Other Threads:
=>0x000002bfff1fa000 VMThread "VM Thread" [stack: 0x000000c647600000,0x000000c647700000] [id=2932]
  0x000002bf93258000 WatcherThread [stack: 0x000000c648100000,0x000000c648200000] [id=992]
  0x000002bff85ae000 GCTaskThread "GC Thread#0" [stack: 0x000000c647100000,0x000000c647200000] [id=1168]
  0x000002bf93314800 GCTaskThread "GC Thread#1" [stack: 0x000000c648200000,0x000000c648300000] [id=5760]
  0x000002bf93267000 GCTaskThread "GC Thread#2" [stack: 0x000000c648300000,0x000000c648400000] [id=2116]
  0x000002bf9434d800 GCTaskThread "GC Thread#3" [stack: 0x000000c648900000,0x000000c648a00000] [id=3032]
  0x000002bff85de800 ConcurrentGCThread "G1 Main Marker" [stack: 0x000000c647200000,0x000000c647300000] [id=11392]
  0x000002bff85e1000 ConcurrentGCThread "G1 Conc#0" [stack: 0x000000c647300000,0x000000c647400000] [id=8288]
  0x000002bff8663000 ConcurrentGCThread "G1 Refine#0" [stack: 0x000000c647400000,0x000000c647500000] [id=11172]
  0x000002bfffe52800 ConcurrentGCThread "G1 Refine#1" [stack: 0x000000c648400000,0x000000c648500000] [id=2196]
  0x000002bfff070800 ConcurrentGCThread "G1 Young RemSet Sampling" [stack: 0x000000c647500000,0x000000c647600000] [id=10856]

Threads with active compile tasks:

VM state:at safepoint (normal execution)

VM Mutex/Monitor currently owned by a thread:  ([mutex/lock_event])
[0x000002bff8594e40] Threads_lock - owner thread: 0x000002bfff1fa000
[0x000002bff8593a90] Heap_lock - owner thread: 0x000002bf933bb000

Heap address: 0x0000000081c00000, size: 2020 MB, Compressed Oops mode: 32-bit
Narrow klass base: 0x0000000000000000, Narrow klass shift: 3
Compressed class space size: 1073741824 Address: 0x0000000100000000

Heap:
 garbage-first heap   total 157696K, used 19971K [0x0000000081c00000, 0x0000000100000000)
  region size 1024K, 7 young (7168K), 7 survivors (7168K)
 Metaspace       used 41502K, capacity 42987K, committed 43096K, reserved 1089536K
  class space    used 5363K, capacity 5941K, committed 6016K, reserved 1048576K
Heap Regions: E=young(eden), S=young(survivor), O=old, HS=humongous(starts), HC=humongous(continues), CS=collection set, F=free, A=archive, TAMS=top-at-mark-start (previous, next)
|   0|0x0000000081c00000, 0x0000000081d00000, 0x0000000081d00000|100%|HS|  |TAMS 0x0000000081d00000, 0x0000000081d00000| Complete 
|   1|0x0000000081d00000, 0x0000000081e00000, 0x0000000081e00000|100%| O|  |TAMS 0x0000000081e00000, 0x0000000081e00000| Untracked 
|   2|0x0000000081e00000, 0x0000000081f00000, 0x0000000081f00000|100%| O|  |TAMS 0x0000000081f00000, 0x0000000081f00000| Untracked 
|   3|0x0000000081f00000, 0x0000000082000000, 0x0000000082000000|100%| O|  |TAMS 0x0000000082000000, 0x0000000082000000| Untracked 
|   4|0x0000000082000000, 0x0000000082100000, 0x0000000082100000|100%| O|  |TAMS 0x0000000082100000, 0x0000000082100000| Untracked 
|   5|0x0000000082100000, 0x0000000082200000, 0x0000000082200000|100%| O|  |TAMS 0x0000000082200000, 0x0000000082200000| Untracked 
|   6|0x0000000082200000, 0x0000000082300000, 0x0000000082300000|100%| O|  |TAMS 0x00000000822c5c00, 0x0000000082300000| Untracked 
|   7|0x0000000082300000, 0x0000000082400000, 0x0000000082400000|100%| O|  |TAMS 0x0000000082300000, 0x0000000082400000| Untracked 
|   8|0x0000000082400000, 0x0000000082500000, 0x0000000082500000|100%| O|  |TAMS 0x0000000082400000, 0x0000000082500000| Untracked 
|   9|0x0000000082500000, 0x0000000082600000, 0x0000000082600000|100%| O|  |TAMS 0x0000000082500000, 0x0000000082600000| Untracked 
|  10|0x0000000082600000, 0x0000000082700000, 0x0000000082700000|100%| O|  |TAMS 0x0000000082600000, 0x0000000082700000| Untracked 
|  11|0x0000000082700000, 0x0000000082800000, 0x0000000082800000|100%| O|  |TAMS 0x0000000082700000, 0x0000000082800000| Untracked 
|  12|0x0000000082800000, 0x0000000082891e00, 0x0000000082900000| 56%| O|  |TAMS 0x0000000082800000, 0x0000000082891e00| Untracked 
|  13|0x0000000082900000, 0x0000000082900000, 0x0000000082a00000|  0%| F|  |TAMS 0x0000000082900000, 0x0000000082900000| Untracked 
|  14|0x0000000082a00000, 0x0000000082a00000, 0x0000000082b00000|  0%| F|  |TAMS 0x0000000082a00000, 0x0000000082a00000| Untracked 
|  15|0x0000000082b00000, 0x0000000082b00000, 0x0000000082c00000|  0%| F|  |TAMS 0x0000000082b00000, 0x0000000082b00000| Untracked 
|  16|0x0000000082c00000, 0x0000000082c00000, 0x0000000082d00000|  0%| F|  |TAMS 0x0000000082c00000, 0x0000000082c00000| Untracked 
|  17|0x0000000082d00000, 0x0000000082d00000, 0x0000000082e00000|  0%| F|  |TAMS 0x0000000082d00000, 0x0000000082d00000| Untracked 
|  18|0x0000000082e00000, 0x0000000082e00000, 0x0000000082f00000|  0%| F|  |TAMS 0x0000000082e00000, 0x0000000082e00000| Untracked 
|  19|0x0000000082f00000, 0x0000000082f00000, 0x0000000083000000|  0%| F|  |TAMS 0x0000000082f00000, 0x0000000082f00000| Untracked 
|  20|0x0000000083000000, 0x0000000083000000, 0x0000000083100000|  0%| F|  |TAMS 0x0000000083000000, 0x0000000083000000| Untracked 
|  21|0x0000000083100000, 0x0000000083100000, 0x0000000083200000|  0%| F|  |TAMS 0x0000000083100000, 0x0000000083100000| Untracked 
|  22|0x0000000083200000, 0x0000000083200000, 0x0000000083300000|  0%| F|  |TAMS 0x0000000083200000, 0x0000000083200000| Untracked 
|  23|0x0000000083300000, 0x0000000083300000, 0x0000000083400000|  0%| F|  |TAMS 0x0000000083300000, 0x0000000083300000| Untracked 
|  24|0x0000000083400000, 0x0000000083400000, 0x0000000083500000|  0%| F|  |TAMS 0x0000000083400000, 0x0000000083400000| Untracked 
|  25|0x0000000083500000, 0x0000000083500000, 0x0000000083600000|  0%| F|  |TAMS 0x0000000083500000, 0x0000000083500000| Untracked 
|  26|0x0000000083600000, 0x0000000083600000, 0x0000000083700000|  0%| F|  |TAMS 0x0000000083600000, 0x0000000083600000| Untracked 
|  27|0x0000000083700000, 0x0000000083700000, 0x0000000083800000|  0%| F|  |TAMS 0x0000000083700000, 0x0000000083700000| Untracked 
|  28|0x0000000083800000, 0x0000000083800000, 0x0000000083900000|  0%| F|  |TAMS 0x0000000083800000, 0x0000000083800000| Untracked 
|  29|0x0000000083900000, 0x0000000083900000, 0x0000000083a00000|  0%| F|  |TAMS 0x0000000083900000, 0x0000000083900000| Untracked 
|  30|0x0000000083a00000, 0x0000000083a00000, 0x0000000083b00000|  0%| F|  |TAMS 0x0000000083a00000, 0x0000000083a00000| Untracked 
|  31|0x0000000083b00000, 0x0000000083b00000, 0x0000000083c00000|  0%| F|  |TAMS 0x0000000083b00000, 0x0000000083b00000| Untracked 
|  32|0x0000000083c00000, 0x0000000083c00000, 0x0000000083d00000|  0%| F|  |TAMS 0x0000000083c00000, 0x0000000083c00000| Untracked 
|  33|0x0000000083d00000, 0x0000000083d00000, 0x0000000083e00000|  0%| F|  |TAMS 0x0000000083d00000, 0x0000000083d00000| Untracked 
|  34|0x0000000083e00000, 0x0000000083e00000, 0x0000000083f00000|  0%| F|  |TAMS 0x0000000083e00000, 0x0000000083e00000| Untracked 
|  35|0x0000000083f00000, 0x0000000083f00000, 0x0000000084000000|  0%| F|  |TAMS 0x0000000083f00000, 0x0000000083f00000| Untracked 
|  36|0x0000000084000000, 0x0000000084000000, 0x0000000084100000|  0%| F|  |TAMS 0x0000000084000000, 0x0000000084000000| Untracked 
|  37|0x0000000084100000, 0x0000000084100000, 0x0000000084200000|  0%| F|  |TAMS 0x0000000084100000, 0x0000000084100000| Untracked 
|  38|0x0000000084200000, 0x0000000084200000, 0x0000000084300000|  0%| F|  |TAMS 0x0000000084200000, 0x0000000084200000| Untracked 
|  39|0x0000000084300000, 0x0000000084300000, 0x0000000084400000|  0%| F|  |TAMS 0x0000000084300000, 0x0000000084300000| Untracked 
|  40|0x0000000084400000, 0x0000000084400000, 0x0000000084500000|  0%| F|  |TAMS 0x0000000084400000, 0x0000000084400000| Untracked 
|  41|0x0000000084500000, 0x0000000084500000, 0x0000000084600000|  0%| F|  |TAMS 0x0000000084500000, 0x0000000084500000| Untracked 
|  42|0x0000000084600000, 0x0000000084600000, 0x0000000084700000|  0%| F|  |TAMS 0x0000000084600000, 0x0000000084600000| Untracked 
|  43|0x0000000084700000, 0x0000000084700000, 0x0000000084800000|  0%| F|  |TAMS 0x0000000084700000, 0x0000000084700000| Untracked 
|  44|0x0000000084800000, 0x0000000084800000, 0x0000000084900000|  0%| F|  |TAMS 0x0000000084800000, 0x0000000084800000| Untracked 
|  45|0x0000000084900000, 0x0000000084900000, 0x0000000084a00000|  0%| F|  |TAMS 0x0000000084900000, 0x0000000084900000| Untracked 
|  46|0x0000000084a00000, 0x0000000084a00000, 0x0000000084b00000|  0%| F|  |TAMS 0x0000000084a00000, 0x0000000084a00000| Untracked 
|  47|0x0000000084b00000, 0x0000000084b00000, 0x0000000084c00000|  0%| F|  |TAMS 0x0000000084b00000, 0x0000000084b00000| Untracked 
|  48|0x0000000084c00000, 0x0000000084c00000, 0x0000000084d00000|  0%| F|  |TAMS 0x0000000084c00000, 0x0000000084c00000| Untracked 
|  49|0x0000000084d00000, 0x0000000084d00000, 0x0000000084e00000|  0%| F|  |TAMS 0x0000000084d00000, 0x0000000084d00000| Untracked 
|  50|0x0000000084e00000, 0x0000000084e00000, 0x0000000084f00000|  0%| F|  |TAMS 0x0000000084e00000, 0x0000000084e00000| Untracked 
|  51|0x0000000084f00000, 0x0000000084f00000, 0x0000000085000000|  0%| F|  |TAMS 0x0000000084f00000, 0x0000000084f00000| Untracked 
|  52|0x0000000085000000, 0x0000000085000000, 0x0000000085100000|  0%| F|  |TAMS 0x0000000085000000, 0x0000000085000000| Untracked 
|  53|0x0000000085100000, 0x0000000085100000, 0x0000000085200000|  0%| F|  |TAMS 0x0000000085100000, 0x0000000085100000| Untracked 
|  54|0x0000000085200000, 0x0000000085200000, 0x0000000085300000|  0%| F|  |TAMS 0x0000000085200000, 0x0000000085200000| Untracked 
|  55|0x0000000085300000, 0x0000000085300000, 0x0000000085400000|  0%| F|  |TAMS 0x0000000085300000, 0x0000000085300000| Untracked 
|  56|0x0000000085400000, 0x0000000085400000, 0x0000000085500000|  0%| F|  |TAMS 0x0000000085400000, 0x0000000085400000| Untracked 
|  57|0x0000000085500000, 0x0000000085500000, 0x0000000085600000|  0%| F|  |TAMS 0x0000000085500000, 0x0000000085500000| Untracked 
|  58|0x0000000085600000, 0x0000000085600000, 0x0000000085700000|  0%| F|  |TAMS 0x0000000085600000, 0x0000000085600000| Untracked 
|  59|0x0000000085700000, 0x0000000085700000, 0x0000000085800000|  0%| F|  |TAMS 0x0000000085700000, 0x0000000085700000| Untracked 
|  60|0x0000000085800000, 0x0000000085800000, 0x0000000085900000|  0%| F|  |TAMS 0x0000000085800000, 0x0000000085800000| Untracked 
|  61|0x0000000085900000, 0x0000000085900000, 0x0000000085a00000|  0%| F|  |TAMS 0x0000000085900000, 0x0000000085900000| Untracked 
|  62|0x0000000085a00000, 0x0000000085a00000, 0x0000000085b00000|  0%| F|  |TAMS 0x0000000085a00000, 0x0000000085a00000| Untracked 
|  63|0x0000000085b00000, 0x0000000085b00000, 0x0000000085c00000|  0%| F|  |TAMS 0x0000000085b00000, 0x0000000085b00000| Untracked 
|  64|0x0000000085c00000, 0x0000000085c00000, 0x0000000085d00000|  0%| F|  |TAMS 0x0000000085c00000, 0x0000000085c00000| Untracked 
|  65|0x0000000085d00000, 0x0000000085d00000, 0x0000000085e00000|  0%| F|  |TAMS 0x0000000085d00000, 0x0000000085d00000| Untracked 
|  66|0x0000000085e00000, 0x0000000085e00000, 0x0000000085f00000|  0%| F|  |TAMS 0x0000000085e00000, 0x0000000085e00000| Untracked 
|  67|0x0000000085f00000, 0x0000000085f00000, 0x0000000086000000|  0%| F|  |TAMS 0x0000000085f00000, 0x0000000085f00000| Untracked 
|  68|0x0000000086000000, 0x0000000086000000, 0x0000000086100000|  0%| F|  |TAMS 0x0000000086000000, 0x0000000086000000| Untracked 
|  69|0x0000000086100000, 0x0000000086100000, 0x0000000086200000|  0%| F|  |TAMS 0x0000000086100000, 0x0000000086100000| Untracked 
|  70|0x0000000086200000, 0x0000000086200000, 0x0000000086300000|  0%| F|  |TAMS 0x0000000086200000, 0x0000000086200000| Untracked 
|  71|0x0000000086300000, 0x0000000086300000, 0x0000000086400000|  0%| F|  |TAMS 0x0000000086300000, 0x0000000086300000| Untracked 
|  72|0x0000000086400000, 0x0000000086400000, 0x0000000086500000|  0%| F|  |TAMS 0x0000000086400000, 0x0000000086400000| Untracked 
|  73|0x0000000086500000, 0x0000000086500000, 0x0000000086600000|  0%| F|  |TAMS 0x0000000086500000, 0x0000000086500000| Untracked 
|  74|0x0000000086600000, 0x0000000086600000, 0x0000000086700000|  0%| F|  |TAMS 0x0000000086600000, 0x0000000086600000| Untracked 
|  75|0x0000000086700000, 0x0000000086700000, 0x0000000086800000|  0%| F|  |TAMS 0x0000000086700000, 0x0000000086700000| Untracked 
|  76|0x0000000086800000, 0x0000000086800000, 0x0000000086900000|  0%| F|  |TAMS 0x0000000086800000, 0x0000000086800000| Untracked 
|  77|0x0000000086900000, 0x0000000086900000, 0x0000000086a00000|  0%| F|  |TAMS 0x0000000086900000, 0x0000000086900000| Untracked 
|  78|0x0000000086a00000, 0x0000000086a00000, 0x0000000086b00000|  0%| F|  |TAMS 0x0000000086a00000, 0x0000000086a00000| Untracked 
|  79|0x0000000086b00000, 0x0000000086b00000, 0x0000000086c00000|  0%| F|  |TAMS 0x0000000086b00000, 0x0000000086b00000| Untracked 
|  80|0x0000000086c00000, 0x0000000086c00000, 0x0000000086d00000|  0%| F|  |TAMS 0x0000000086c00000, 0x0000000086c00000| Untracked 
|  81|0x0000000086d00000, 0x0000000086d00000, 0x0000000086e00000|  0%| F|  |TAMS 0x0000000086d00000, 0x0000000086d00000| Untracked 
|  82|0x0000000086e00000, 0x0000000086e00000, 0x0000000086f00000|  0%| F|  |TAMS 0x0000000086e00000, 0x0000000086e00000| Untracked 
|  83|0x0000000086f00000, 0x0000000086f00000, 0x0000000087000000|  0%| F|  |TAMS 0x0000000086f00000, 0x0000000086f00000| Untracked 
|  84|0x0000000087000000, 0x0000000087000000, 0x0000000087100000|  0%| F|  |TAMS 0x0000000087000000, 0x0000000087000000| Untracked 
|  85|0x0000000087100000, 0x0000000087100000, 0x0000000087200000|  0%| F|  |TAMS 0x0000000087100000, 0x0000000087100000| Untracked 
|  86|0x0000000087200000, 0x0000000087200000, 0x0000000087300000|  0%| F|  |TAMS 0x0000000087200000, 0x0000000087200000| Untracked 
|  87|0x0000000087300000, 0x0000000087300000, 0x0000000087400000|  0%| F|  |TAMS 0x0000000087300000, 0x0000000087300000| Untracked 
|  88|0x0000000087400000, 0x0000000087400000, 0x0000000087500000|  0%| F|  |TAMS 0x0000000087400000, 0x0000000087400000| Untracked 
|  89|0x0000000087500000, 0x0000000087500000, 0x0000000087600000|  0%| F|  |TAMS 0x0000000087500000, 0x0000000087500000| Untracked 
|  90|0x0000000087600000, 0x0000000087600000, 0x0000000087700000|  0%| F|  |TAMS 0x0000000087600000, 0x0000000087600000| Untracked 
|  91|0x0000000087700000, 0x0000000087700000, 0x0000000087800000|  0%| F|  |TAMS 0x0000000087700000, 0x0000000087700000| Untracked 
|  92|0x0000000087800000, 0x0000000087800000, 0x0000000087900000|  0%| F|  |TAMS 0x0000000087800000, 0x0000000087800000| Untracked 
|  93|0x0000000087900000, 0x0000000087900000, 0x0000000087a00000|  0%| F|  |TAMS 0x0000000087900000, 0x0000000087900000| Untracked 
|  94|0x0000000087a00000, 0x0000000087a00000, 0x0000000087b00000|  0%| F|  |TAMS 0x0000000087a00000, 0x0000000087a00000| Untracked 
|  95|0x0000000087b00000, 0x0000000087b00000, 0x0000000087c00000|  0%| F|  |TAMS 0x0000000087b00000, 0x0000000087b00000| Untracked 
|  96|0x0000000087c00000, 0x0000000087c00000, 0x0000000087d00000|  0%| F|  |TAMS 0x0000000087c00000, 0x0000000087c00000| Untracked 
|  97|0x0000000087d00000, 0x0000000087d00000, 0x0000000087e00000|  0%| F|  |TAMS 0x0000000087d00000, 0x0000000087d00000| Untracked 
|  98|0x0000000087e00000, 0x0000000087e00000, 0x0000000087f00000|  0%| F|  |TAMS 0x0000000087e00000, 0x0000000087e00000| Untracked 
|  99|0x0000000087f00000, 0x0000000087f00000, 0x0000000088000000|  0%| F|  |TAMS 0x0000000087f00000, 0x0000000087f00000| Untracked 
| 100|0x0000000088000000, 0x0000000088000000, 0x0000000088100000|  0%| F|  |TAMS 0x0000000088000000, 0x0000000088000000| Untracked 
| 101|0x0000000088100000, 0x0000000088100000, 0x0000000088200000|  0%| F|  |TAMS 0x0000000088100000, 0x0000000088100000| Untracked 
| 102|0x0000000088200000, 0x0000000088200000, 0x0000000088300000|  0%| F|  |TAMS 0x0000000088200000, 0x0000000088200000| Untracked 
| 103|0x0000000088300000, 0x0000000088300000, 0x0000000088400000|  0%| F|  |TAMS 0x0000000088300000, 0x0000000088300000| Untracked 
| 104|0x0000000088400000, 0x0000000088400000, 0x0000000088500000|  0%| F|  |TAMS 0x0000000088400000, 0x0000000088400000| Untracked 
| 105|0x0000000088500000, 0x0000000088500000, 0x0000000088600000|  0%| F|  |TAMS 0x0000000088500000, 0x0000000088500000| Untracked 
| 106|0x0000000088600000, 0x0000000088600000, 0x0000000088700000|  0%| F|  |TAMS 0x0000000088600000, 0x0000000088600000| Untracked 
| 107|0x0000000088700000, 0x0000000088700000, 0x0000000088800000|  0%| F|  |TAMS 0x0000000088700000, 0x0000000088700000| Untracked 
| 108|0x0000000088800000, 0x0000000088800000, 0x0000000088900000|  0%| F|  |TAMS 0x0000000088800000, 0x0000000088800000| Untracked 
| 109|0x0000000088900000, 0x0000000088900000, 0x0000000088a00000|  0%| F|  |TAMS 0x0000000088900000, 0x0000000088900000| Untracked 
| 110|0x0000000088a00000, 0x0000000088a00000, 0x0000000088b00000|  0%| F|  |TAMS 0x0000000088a00000, 0x0000000088a00000| Untracked 
| 111|0x0000000088b00000, 0x0000000088b00000, 0x0000000088c00000|  0%| F|  |TAMS 0x0000000088b00000, 0x0000000088b00000| Untracked 
| 112|0x0000000088c00000, 0x0000000088c00000, 0x0000000088d00000|  0%| F|  |TAMS 0x0000000088c00000, 0x0000000088c00000| Untracked 
| 113|0x0000000088d00000, 0x0000000088d00000, 0x0000000088e00000|  0%| F|  |TAMS 0x0000000088d00000, 0x0000000088d00000| Untracked 
| 114|0x0000000088e00000, 0x0000000088e00000, 0x0000000088f00000|  0%| F|  |TAMS 0x0000000088e00000, 0x0000000088e00000| Untracked 
| 115|0x0000000088f00000, 0x0000000088f00000, 0x0000000089000000|  0%| F|  |TAMS 0x0000000088f00000, 0x0000000088f00000| Untracked 
| 116|0x0000000089000000, 0x0000000089000000, 0x0000000089100000|  0%| F|  |TAMS 0x0000000089000000, 0x0000000089000000| Untracked 
| 117|0x0000000089100000, 0x0000000089100000, 0x0000000089200000|  0%| F|  |TAMS 0x0000000089100000, 0x0000000089100000| Untracked 
| 118|0x0000000089200000, 0x0000000089200000, 0x0000000089300000|  0%| F|  |TAMS 0x0000000089200000, 0x0000000089200000| Untracked 
| 119|0x0000000089300000, 0x0000000089300000, 0x0000000089400000|  0%| F|  |TAMS 0x0000000089300000, 0x0000000089300000| Untracked 
| 120|0x0000000089400000, 0x0000000089400000, 0x0000000089500000|  0%| F|  |TAMS 0x0000000089400000, 0x0000000089400000| Untracked 
| 121|0x0000000089500000, 0x00000000895ef070, 0x0000000089600000| 93%| S|CS|TAMS 0x0000000089500000, 0x0000000089500000| Complete 
| 122|0x0000000089600000, 0x0000000089700000, 0x0000000089700000|100%| S|CS|TAMS 0x0000000089600000, 0x0000000089600000| Complete 
| 123|0x0000000089700000, 0x0000000089800000, 0x0000000089800000|100%| S|CS|TAMS 0x0000000089700000, 0x0000000089700000| Complete 
| 124|0x0000000089800000, 0x0000000089900000, 0x0000000089900000|100%| S|CS|TAMS 0x0000000089800000, 0x0000000089800000| Complete 
| 125|0x0000000089900000, 0x0000000089a00000, 0x0000000089a00000|100%| S|CS|TAMS 0x0000000089900000, 0x0000000089900000| Complete 
| 126|0x0000000089a00000, 0x0000000089b00000, 0x0000000089b00000|100%| S|CS|TAMS 0x0000000089a00000, 0x0000000089a00000| Complete 
| 127|0x0000000089b00000, 0x0000000089c00000, 0x0000000089c00000|100%| S|CS|TAMS 0x0000000089b00000, 0x0000000089b00000| Complete 
| 128|0x0000000089c00000, 0x0000000089c00000, 0x0000000089d00000|  0%| F|  |TAMS 0x0000000089c00000, 0x0000000089c00000| Untracked 
| 129|0x0000000089d00000, 0x0000000089d00000, 0x0000000089e00000|  0%| F|  |TAMS 0x0000000089d00000, 0x0000000089d00000| Untracked 
| 130|0x0000000089e00000, 0x0000000089e00000, 0x0000000089f00000|  0%| F|  |TAMS 0x0000000089e00000, 0x0000000089e00000| Untracked 
| 131|0x0000000089f00000, 0x0000000089f00000, 0x000000008a000000|  0%| F|  |TAMS 0x0000000089f00000, 0x0000000089f00000| Untracked 
| 132|0x000000008a000000, 0x000000008a000000, 0x000000008a100000|  0%| F|  |TAMS 0x000000008a000000, 0x000000008a000000| Untracked 
| 133|0x000000008a100000, 0x000000008a100000, 0x000000008a200000|  0%| F|  |TAMS 0x000000008a100000, 0x000000008a100000| Untracked 
| 134|0x000000008a200000, 0x000000008a200000, 0x000000008a300000|  0%| F|  |TAMS 0x000000008a200000, 0x000000008a200000| Untracked 
| 135|0x000000008a300000, 0x000000008a300000, 0x000000008a400000|  0%| F|  |TAMS 0x000000008a300000, 0x000000008a300000| Untracked 
| 136|0x000000008a400000, 0x000000008a400000, 0x000000008a500000|  0%| F|  |TAMS 0x000000008a400000, 0x000000008a400000| Untracked 
| 137|0x000000008a500000, 0x000000008a500000, 0x000000008a600000|  0%| F|  |TAMS 0x000000008a500000, 0x000000008a500000| Untracked 
| 138|0x000000008a600000, 0x000000008a600000, 0x000000008a700000|  0%| F|  |TAMS 0x000000008a600000, 0x000000008a600000| Untracked 
| 139|0x000000008a700000, 0x000000008a700000, 0x000000008a800000|  0%| F|  |TAMS 0x000000008a700000, 0x000000008a700000| Untracked 
| 140|0x000000008a800000, 0x000000008a800000, 0x000000008a900000|  0%| F|  |TAMS 0x000000008a800000, 0x000000008a800000| Untracked 
| 141|0x000000008a900000, 0x000000008a900000, 0x000000008aa00000|  0%| F|  |TAMS 0x000000008a900000, 0x000000008a900000| Untracked 
| 142|0x000000008aa00000, 0x000000008aa00000, 0x000000008ab00000|  0%| F|  |TAMS 0x000000008aa00000, 0x000000008aa00000| Untracked 
| 143|0x000000008ab00000, 0x000000008ab00000, 0x000000008ac00000|  0%| F|  |TAMS 0x000000008ab00000, 0x000000008ab00000| Untracked 
| 144|0x000000008ac00000, 0x000000008ac00000, 0x000000008ad00000|  0%| F|  |TAMS 0x000000008ac00000, 0x000000008ac00000| Untracked 
| 145|0x000000008ad00000, 0x000000008ad00000, 0x000000008ae00000|  0%| F|  |TAMS 0x000000008ad00000, 0x000000008ad00000| Untracked 
| 146|0x000000008ae00000, 0x000000008ae00000, 0x000000008af00000|  0%| F|  |TAMS 0x000000008ae00000, 0x000000008ae00000| Untracked 
| 147|0x000000008af00000, 0x000000008af00000, 0x000000008b000000|  0%| F|  |TAMS 0x000000008af00000, 0x000000008af00000| Untracked 
| 148|0x000000008b000000, 0x000000008b000000, 0x000000008b100000|  0%| F|  |TAMS 0x000000008b000000, 0x000000008b000000| Untracked 
| 149|0x000000008b100000, 0x000000008b100000, 0x000000008b200000|  0%| F|  |TAMS 0x000000008b100000, 0x000000008b100000| Untracked 
| 150|0x000000008b200000, 0x000000008b200000, 0x000000008b300000|  0%| F|  |TAMS 0x000000008b200000, 0x000000008b200000| Untracked 
| 151|0x000000008b300000, 0x000000008b300000, 0x000000008b400000|  0%| F|  |TAMS 0x000000008b300000, 0x000000008b300000| Untracked 
| 152|0x000000008b400000, 0x000000008b400000, 0x000000008b500000|  0%| F|  |TAMS 0x000000008b400000, 0x000000008b400000| Untracked 
| 153|0x000000008b500000, 0x000000008b500000, 0x000000008b600000|  0%| F|  |TAMS 0x000000008b500000, 0x000000008b500000| Untracked 

Card table byte_map: [0x000002bffc5a0000,0x000002bffc9a0000] _byte_map_base: 0x000002bffc192000

Marking Bits (Prev, Next): (CMBitMap*) 0x000002bff85d5f18, (CMBitMap*) 0x000002bff85d5f50
 Prev Bits: [0x000002bffcda0000, 0x000002bffed30000)
 Next Bits: [0x000002bf8f000000, 0x000002bf90f90000)

Polling page: 0x000002bff63b0000

Metaspace:

Usage:
  Non-class:     36.18 MB capacity,    35.29 MB ( 98%) used,   748.43 KB (  2%) free+waste,   158.38 KB ( <1%) overhead. 
      Class:      5.80 MB capacity,     5.24 MB ( 90%) used,   498.24 KB (  8%) free+waste,    79.00 KB (  1%) overhead. 
       Both:     41.98 MB capacity,    40.53 MB ( 97%) used,     1.22 MB (  3%) free+waste,   237.38 KB ( <1%) overhead. 

Virtual space:
  Non-class space:       40.00 MB reserved,      36.21 MB ( 91%) committed 
      Class space:        1.00 GB reserved,       5.88 MB ( <1%) committed 
             Both:        1.04 GB reserved,      42.09 MB (  4%) committed 

Chunk freelists:
   Non-Class:  34.00 KB
       Class:  11.00 KB
        Both:  45.00 KB

MaxMetaspaceSize: 17179869184.00 GB
CompressedClassSpaceSize: 1.00 GB

CodeHeap 'non-profiled nmethods': size=238912Kb used=6044Kb max_used=6044Kb free=232867Kb
 bounds [0x000002bf806b0000, 0x000002bf80ca0000, 0x000002bf8f000000]
CodeHeap 'non-nmethods': size=6848Kb used=1186Kb max_used=1186Kb free=5661Kb
 bounds [0x000002bf80000000, 0x000002bf80270000, 0x000002bf806b0000]
 total_blobs=4450 nmethods=3909 adapters=467
 compilation: enabled
              stopped_count=0, restarted_count=0
 full_count=0

Compilation events (20 events):
Event: 7.879 Thread 0x000002bfffbbe000 3902       1       java.util.stream.ForEachOps$ForEachOp$OfRef::accept (11 bytes)
Event: 7.879 Thread 0x000002bfffbbe000 nmethod 3902 0x000002bf80c94090 code [0x000002bf80c94240, 0x000002bf80c94328]
Event: 7.879 Thread 0x000002bfffbbe000 3903       1       java.util.HashMap::afterNodeRemoval (1 bytes)
Event: 7.879 Thread 0x000002bfffbbe000 nmethod 3903 0x000002bf80c94390 code [0x000002bf80c94540, 0x000002bf80c945f8]
Event: 7.880 Thread 0x000002bfffbbe000 3904       1       java.lang.SecurityManager$$Lambda$740/0x00000001005a5040::accept (8 bytes)
Event: 7.880 Thread 0x000002bfffbbe000 nmethod 3904 0x000002bf80c94690 code [0x000002bf80c94840, 0x000002bf80c94948]
Event: 7.880 Thread 0x000002bfffbbe000 3905       1       java.lang.SecurityManager::lambda$addNonExportedPackages$1 (14 bytes)
Event: 7.880 Thread 0x000002bfffbbe000 nmethod 3905 0x000002bf80c94a10 code [0x000002bf80c94bc0, 0x000002bf80c94d28]
Event: 7.880 Thread 0x000002bfffbbe000 3906       1       java.lang.SecurityManager$$Lambda$741/0x00000001005a5440::test (8 bytes)
Event: 7.880 Thread 0x000002bfffbbe000 nmethod 3906 0x000002bf80c94e10 code [0x000002bf80c94fc0, 0x000002bf80c950c8]
Event: 7.880 Thread 0x000002bfffbbe000 3907       1       java.lang.SecurityManager::lambda$nonExportedPkgs$2 (13 bytes)
Event: 7.880 Thread 0x000002bfffbbe000 nmethod 3907 0x000002bf80c95190 code [0x000002bf80c95340, 0x000002bf80c95428]
Event: 7.881 Thread 0x000002bfffbbe000 3908       1       java.util.stream.ForEachOps$ForEachOp::get (2 bytes)
Event: 7.881 Thread 0x000002bfffbbe000 nmethod 3908 0x000002bf80c95510 code [0x000002bf80c956c0, 0x000002bf80c95778]
Event: 7.882 Thread 0x000002bfffbbe000 3909   !   1       java.security.Provider::getService (128 bytes)
Event: 7.883 Thread 0x000002bfffbbe000 nmethod 3909 0x000002bf80c95810 code [0x000002bf80c95a40, 0x000002bf80c96088]
Event: 7.883 Thread 0x000002bfffbbe000 3910       1       java.security.Provider$ServiceKey::matches (22 bytes)
Event: 7.883 Thread 0x000002bfffbbe000 nmethod 3910 0x000002bf80c96310 code [0x000002bf80c964c0, 0x000002bf80c96598]
Event: 7.885 Thread 0x000002bfffbbe000 3911       1       sun.security.ssl.CipherSuite::<init> (107 bytes)
Event: 7.886 Thread 0x000002bfffbbe000 nmethod 3911 0x000002bf80c96610 code [0x000002bf80c96820, 0x000002bf80c96fe8]

GC Heap History (20 events):
Event: 1.856 GC heap before
{Heap before GC invocations=0 (full 0):
 garbage-first heap   total 131072K, used 14336K [0x0000000081c00000, 0x0000000100000000)
  region size 1024K, 14 young (14336K), 0 survivors (0K)
 Metaspace       used 12578K, capacity 12835K, committed 12928K, reserved 1060864K
  class space    used 1302K, capacity 1405K, committed 1408K, reserved 1048576K
}
Event: 1.865 GC heap after
{Heap after GC invocations=1 (full 0):
 garbage-first heap   total 131072K, used 6687K [0x0000000081c00000, 0x0000000100000000)
  region size 1024K, 2 young (2048K), 2 survivors (2048K)
 Metaspace       used 12578K, capacity 12835K, committed 12928K, reserved 1060864K
  class space    used 1302K, capacity 1405K, committed 1408K, reserved 1048576K
}
Event: 2.127 GC heap before
{Heap before GC invocations=1 (full 0):
 garbage-first heap   total 131072K, used 12831K [0x0000000081c00000, 0x0000000100000000)
  region size 1024K, 9 young (9216K), 2 survivors (2048K)
 Metaspace       used 14036K, capacity 14401K, committed 14720K, reserved 1062912K
  class space    used 1469K, capacity 1590K, committed 1664K, reserved 1048576K
}
Event: 2.133 GC heap after
{Heap after GC invocations=2 (full 0):
 garbage-first heap   total 131072K, used 7703K [0x0000000081c00000, 0x0000000100000000)
  region size 1024K, 1 young (1024K), 1 survivors (1024K)
 Metaspace       used 14036K, capacity 14401K, committed 14720K, reserved 1062912K
  class space    used 1469K, capacity 1590K, committed 1664K, reserved 1048576K
}
Event: 2.301 GC heap before
{Heap before GC invocations=2 (full 0):
 garbage-first heap   total 131072K, used 29207K [0x0000000081c00000, 0x0000000100000000)
  region size 1024K, 23 young (23552K), 1 survivors (1024K)
 Metaspace       used 14656K, capacity 15037K, committed 15360K, reserved 1062912K
  class space    used 1551K, capacity 1675K, committed 1792K, reserved 1048576K
}
Event: 2.304 GC heap after
{Heap after GC invocations=3 (full 0):
 garbage-first heap   total 131072K, used 8059K [0x0000000081c00000, 0x0000000100000000)
  region size 1024K, 2 young (2048K), 2 survivors (2048K)
 Metaspace       used 14656K, capacity 15037K, committed 15360K, reserved 1062912K
  class space    used 1551K, capacity 1675K, committed 1792K, reserved 1048576K
}
Event: 2.773 GC heap before
{Heap before GC invocations=3 (full 0):
 garbage-first heap   total 131072K, used 41851K [0x0000000081c00000, 0x0000000100000000)
  region size 1024K, 36 young (36864K), 2 survivors (2048K)
 Metaspace       used 17919K, capacity 18519K, committed 18688K, reserved 1064960K
  class space    used 2013K, capacity 2217K, committed 2304K, reserved 1048576K
}
Event: 2.786 GC heap after
{Heap after GC invocations=4 (full 0):
 garbage-first heap   total 131072K, used 8907K [0x0000000081c00000, 0x0000000100000000)
  region size 1024K, 2 young (2048K), 2 survivors (2048K)
 Metaspace       used 17919K, capacity 18519K, committed 18688K, reserved 1064960K
  class space    used 2013K, capacity 2217K, committed 2304K, reserved 1048576K
}
Event: 3.210 GC heap before
{Heap before GC invocations=4 (full 0):
 garbage-first heap   total 131072K, used 22219K [0x0000000081c00000, 0x0000000100000000)
  region size 1024K, 16 young (16384K), 2 survivors (2048K)
 Metaspace       used 20391K, capacity 21140K, committed 21296K, reserved 1069056K
  class space    used 2400K, capacity 2697K, committed 2816K, reserved 1048576K
}
Event: 3.218 GC heap after
{Heap after GC invocations=5 (full 0):
 garbage-first heap   total 131072K, used 9791K [0x0000000081c00000, 0x0000000100000000)
  region size 1024K, 3 young (3072K), 3 survivors (3072K)
 Metaspace       used 20391K, capacity 21140K, committed 21296K, reserved 1069056K
  class space    used 2400K, capacity 2697K, committed 2816K, reserved 1048576K
}
Event: 3.965 GC heap before
{Heap before GC invocations=6 (full 0):
 garbage-first heap   total 131072K, used 65087K [0x0000000081c00000, 0x0000000100000000)
  region size 1024K, 58 young (59392K), 3 survivors (3072K)
 Metaspace       used 24772K, capacity 25693K, committed 25856K, reserved 1071104K
  class space    used 2972K, capacity 3324K, committed 3328K, reserved 1048576K
}
Event: 3.978 GC heap after
{Heap after GC invocations=7 (full 0):
 garbage-first heap   total 131072K, used 11031K [0x0000000081c00000, 0x0000000100000000)
  region size 1024K, 4 young (4096K), 4 survivors (4096K)
 Metaspace       used 24772K, capacity 25693K, committed 25856K, reserved 1071104K
  class space    used 2972K, capacity 3324K, committed 3328K, reserved 1048576K
}
Event: 5.222 GC heap before
{Heap before GC invocations=8 (full 0):
 garbage-first heap   total 131072K, used 72471K [0x0000000081c00000, 0x0000000100000000)
  region size 1024K, 65 young (66560K), 4 survivors (4096K)
 Metaspace       used 28410K, capacity 29504K, committed 29696K, reserved 1075200K
  class space    used 3508K, capacity 3992K, committed 4096K, reserved 1048576K
}
Event: 5.236 GC heap after
{Heap after GC invocations=9 (full 0):
 garbage-first heap   total 157696K, used 13079K [0x0000000081c00000, 0x0000000100000000)
  region size 1024K, 6 young (6144K), 6 survivors (6144K)
 Metaspace       used 28410K, capacity 29504K, committed 29696K, reserved 1075200K
  class space    used 3508K, capacity 3992K, committed 4096K, reserved 1048576K
}
Event: 6.417 GC heap before
{Heap before GC invocations=9 (full 0):
 garbage-first heap   total 157696K, used 86807K [0x0000000081c00000, 0x0000000100000000)
  region size 1024K, 79 young (80896K), 6 survivors (6144K)
 Metaspace       used 33100K, capacity 34454K, committed 34688K, reserved 1079296K
  class space    used 4172K, capacity 4720K, committed 4736K, reserved 1048576K
}
Event: 6.433 GC heap after
{Heap after GC invocations=10 (full 0):
 garbage-first heap   total 157696K, used 16421K [0x0000000081c00000, 0x0000000100000000)
  region size 1024K, 8 young (8192K), 8 survivors (8192K)
 Metaspace       used 33100K, capacity 34454K, committed 34688K, reserved 1079296K
  class space    used 4172K, capacity 4720K, committed 4736K, reserved 1048576K
}
Event: 7.284 GC heap before
{Heap before GC invocations=10 (full 0):
 garbage-first heap   total 157696K, used 96293K [0x0000000081c00000, 0x0000000100000000)
  region size 1024K, 87 young (89088K), 8 survivors (8192K)
 Metaspace       used 37210K, capacity 38638K, committed 38912K, reserved 1083392K
  class space    used 4729K, capacity 5281K, committed 5376K, reserved 1048576K
}
Event: 7.298 GC heap after
{Heap after GC invocations=11 (full 0):
 garbage-first heap   total 157696K, used 17814K [0x0000000081c00000, 0x0000000100000000)
  region size 1024K, 7 young (7168K), 7 survivors (7168K)
 Metaspace       used 37210K, capacity 38638K, committed 38912K, reserved 1083392K
  class space    used 4729K, capacity 5281K, committed 5376K, reserved 1048576K
}
Event: 7.886 GC heap before
{Heap before GC invocations=11 (full 0):
 garbage-first heap   total 157696K, used 43414K [0x0000000081c00000, 0x0000000100000000)
  region size 1024K, 33 young (33792K), 7 survivors (7168K)
 Metaspace       used 41502K, capacity 42987K, committed 43096K, reserved 1087488K
  class space    used 5363K, capacity 5941K, committed 6016K, reserved 1048576K
}
Event: 7.904 GC heap after
{Heap after GC invocations=12 (full 0):
 garbage-first heap   total 157696K, used 19971K [0x0000000081c00000, 0x0000000100000000)
  region size 1024K, 7 young (7168K), 7 survivors (7168K)
 Metaspace       used 41502K, capacity 42987K, committed 43096K, reserved 1087488K
  class space    used 5363K, capacity 5941K, committed 6016K, reserved 1048576K
}

Deoptimization events (2 events):
Event: 4.950 Thread 0x000002bf933bb000 DEOPT PACKING pc=0x000002bf809a0ce4 sp=0x000000c6486fcb90
Event: 4.950 Thread 0x000002bf933bb000 DEOPT UNPACKING pc=0x000002bf800272ce sp=0x000000c6486fc0f8 mode 0

Classes redefined (0 events):
No events

Internal exceptions (20 events):
Event: 5.772 Thread 0x000002bf933bb000 Exception <a 'java/lang/ClassNotFoundException'{0x000000008a2f7240}: org/springframework/beans/factory/BeanFactoryAwareCustomizer> (0x000000008a2f7240) thrown at [./src/hotspot/share/classfile/systemDictionary.cpp, line 231]
Event: 5.772 Thread 0x000002bf933bb000 Exception <a 'java/lang/ClassNotFoundException'{0x000000008a106818}: org/springframework/beans/factory/AwareCustomizer> (0x000000008a106818) thrown at [./src/hotspot/share/classfile/systemDictionary.cpp, line 231]
Event: 5.773 Thread 0x000002bf933bb000 Exception <a 'java/lang/ClassNotFoundException'{0x000000008a114590}: org/springframework/aop/PointcutAdvisorCustomizer> (0x000000008a114590) thrown at [./src/hotspot/share/classfile/systemDictionary.cpp, line 231]
Event: 5.775 Thread 0x000002bf933bb000 Exception <a 'java/lang/ClassNotFoundException'{0x000000008a12eab0}: org/springframework/aop/AdvisorCustomizer> (0x000000008a12eab0) thrown at [./src/hotspot/share/classfile/systemDictionary.cpp, line 231]
Event: 5.776 Thread 0x000002bf933bb000 Exception <a 'java/lang/ClassNotFoundException'{0x000000008a13d870}: org/springframework/core/OrderedCustomizer> (0x000000008a13d870) thrown at [./src/hotspot/share/classfile/systemDictionary.cpp, line 231]
Event: 5.802 Thread 0x000002bf933bb000 Exception <a 'java/lang/NoSuchMethodError'{0x000000008a0cbb78}: 'java.lang.Object java.lang.invoke.DirectMethodHandle$Holder.invokeSpecialIFC(java.lang.Object, java.lang.Object, java.lang.Object)'> (0x000000008a0cbb78) thrown at [./src/hotspot/share/interpreter/linkResolver.cpp, line 773]
Event: 5.855 Thread 0x000002bf933bb000 Exception <a 'java/lang/NoSuchMethodError'{0x0000000089e6d5c0}: 'int java.lang.invoke.DirectMethodHandle$Holder.invokeSpecial(java.lang.Object, java.lang.Object, java.lang.Object, java.lang.Object, java.lang.Object)'> (0x0000000089e6d5c0) thrown at [./src/hotspot/share/interpreter/linkResolver.cpp, line 773]
Event: 5.931 Thread 0x000002bf9425b800 Exception <a 'java/lang/reflect/InvocationTargetException'{0x000000008af968d8}> (0x000000008af968d8) thrown at [./src/hotspot/share/runtime/reflection.cpp, line 1247]
Event: 6.027 Thread 0x000002bf933bb000 Exception <a 'java/lang/NoSuchMethodError'{0x0000000089a1bbc0}: 'void java.lang.invoke.DirectMethodHandle$Holder.invokeInterface(java.lang.Object, java.lang.Object, int)'> (0x0000000089a1bbc0) thrown at [./src/hotspot/share/interpreter/linkResolver.cpp, line 773]
Event: 6.034 Thread 0x000002bf933bb000 Exception <a 'java/lang/NoSuchMethodError'{0x0000000089a342c8}: 'int java.lang.invoke.DirectMethodHandle$Holder.invokeVirtual(java.lang.Object, java.lang.Object)'> (0x0000000089a342c8) thrown at [./src/hotspot/share/interpreter/linkResolver.cpp, line 773]
Event: 6.049 Thread 0x000002bf933bb000 Exception <a 'java/lang/IncompatibleClassChangeError'{0x0000000089a69ea8}: Found class java.lang.Object, but interface was expected> (0x0000000089a69ea8) thrown at [./src/hotspot/share/interpreter/linkResolver.cpp, line 839]
Event: 6.050 Thread 0x000002bf933bb000 Exception <a 'java/lang/NoSuchMethodError'{0x0000000089a6ed50}: 'void java.lang.invoke.DirectMethodHandle$Holder.invokeStatic(java.lang.Object, int, java.lang.Object)'> (0x0000000089a6ed50) thrown at [./src/hotspot/share/interpreter/linkResolver.cpp, line 773]
Event: 6.454 Thread 0x000002bf9425b800 Exception <a 'java/lang/reflect/InvocationTargetException'{0x000000008ae09590}> (0x000000008ae09590) thrown at [./src/hotspot/share/runtime/reflection.cpp, line 1247]
Event: 6.615 Thread 0x000002bf933bb000 Exception <a 'java/io/FileNotFoundException'{0x0000000088322d80}> (0x0000000088322d80) thrown at [./src/hotspot/share/prims/jni.cpp, line 615]
Event: 6.655 Thread 0x000002bf933bb000 Exception <a 'java/lang/NoSuchMethodError'{0x00000000882a1958}: 'int java.lang.invoke.DirectMethodHandle$Holder.invokeInterface(java.lang.Object, java.lang.Object, java.lang.Object, java.lang.Object)'> (0x00000000882a1958) thrown at [./src/hotspot/share/interpreter/linkResolver.cpp, line 773]
Event: 6.746 Thread 0x000002bf933bb000 Exception <a 'java/io/FileNotFoundException'{0x0000000087fdd620}> (0x0000000087fdd620) thrown at [./src/hotspot/share/prims/jni.cpp, line 615]
Event: 6.976 Thread 0x000002bf9425b800 Exception <a 'java/lang/reflect/InvocationTargetException'{0x0000000087201248}> (0x0000000087201248) thrown at [./src/hotspot/share/runtime/reflection.cpp, line 1247]
Event: 7.496 Thread 0x000002bf9425b800 Exception <a 'java/lang/reflect/InvocationTargetException'{0x000000008ac89b08}> (0x000000008ac89b08) thrown at [./src/hotspot/share/runtime/reflection.cpp, line 1247]
Event: 7.868 Thread 0x000002bf933bb000 Exception <a 'sun/nio/fs/WindowsException'{0x0000000089daaa18}> (0x0000000089daaa18) thrown at [./src/hotspot/share/prims/jni.cpp, line 615]
Event: 7.877 Thread 0x000002bf933bb000 Exception <a 'java/lang/NoSuchMethodError'{0x0000000089dccb10}: 'int java.lang.invoke.DirectMethodHandle$Holder.invokeStaticInit(java.lang.Object, java.lang.Object, java.lang.Object, java.lang.Object)'> (0x0000000089dccb10) thrown at [./src/hotspot/share/interpreter/linkResolver.cpp, line 773]

Events (20 events):
Event: 7.881 loading class javax/crypto/JceSecurityManager$1 done
Event: 7.881 loading class sun/security/ssl/SSLCipher$T12GcmReadCipherGenerator
Event: 7.881 loading class sun/security/ssl/SSLCipher$T12GcmReadCipherGenerator done
Event: 7.881 loading class sun/security/ssl/SSLCipher$T12GcmWriteCipherGenerator
Event: 7.881 loading class sun/security/ssl/SSLCipher$T12GcmWriteCipherGenerator done
Event: 7.882 loading class sun/security/ssl/SSLCipher$T13GcmReadCipherGenerator
Event: 7.882 loading class sun/security/ssl/SSLCipher$T13GcmReadCipherGenerator done
Event: 7.882 loading class sun/security/ssl/SSLCipher$T13GcmWriteCipherGenerator
Event: 7.882 loading class sun/security/ssl/SSLCipher$T13GcmWriteCipherGenerator done
Event: 7.882 loading class sun/security/ssl/SSLCipher$1
Event: 7.882 loading class sun/security/ssl/SSLCipher$1 done
Event: 7.882 loading class sun/security/ssl/CipherSuite$HashAlg
Event: 7.882 loading class sun/security/ssl/CipherSuite$HashAlg done
Event: 7.882 loading class sun/security/ssl/CipherSuite$MacAlg
Event: 7.883 loading class sun/security/ssl/CipherSuite$MacAlg done
Event: 7.883 loading class sun/security/ssl/CipherSuite$KeyExchange
Event: 7.883 loading class sun/security/ssl/CipherSuite$KeyExchange done
Event: 7.883 loading class sun/security/ssl/SupportedGroupsExtension$NamedGroupType
Event: 7.883 loading class sun/security/ssl/SupportedGroupsExtension$NamedGroupType done
Event: 7.886 Executing VM operation: CollectForMetadataAllocation


Dynamic libraries:
0x00007ff6b6c90000 - 0x00007ff6b6c9a000 	G:\Soft\IntelliJ IDEA 2020.3\jbr\bin\java.exe
0x00007ffc35d30000 - 0x00007ffc35f26000 	C:\WINDOWS\SYSTEM32\ntdll.dll
0x00007ffc33fa0000 - 0x00007ffc3405d000 	C:\WINDOWS\System32\KERNEL32.DLL
0x00007ffc33830000 - 0x00007ffc33af9000 	C:\WINDOWS\System32\KERNELBASE.dll
0x00007ffc33c90000 - 0x00007ffc33d90000 	C:\WINDOWS\System32\ucrtbase.dll
0x00007ffc20820000 - 0x00007ffc20839000 	G:\Soft\IntelliJ IDEA 2020.3\jbr\bin\jli.dll
0x00007ffc355a0000 - 0x00007ffc35740000 	C:\WINDOWS\System32\USER32.dll
0x00007ffc33470000 - 0x00007ffc33492000 	C:\WINDOWS\System32\win32u.dll
0x00007ffc34750000 - 0x00007ffc3477a000 	C:\WINDOWS\System32\GDI32.dll
0x00007ffc334a0000 - 0x00007ffc335ab000 	C:\WINDOWS\System32\gdi32full.dll
0x00007ffc33790000 - 0x00007ffc3382d000 	C:\WINDOWS\System32\msvcp_win.dll
0x00007ffc1d840000 - 0x00007ffc1d857000 	G:\Soft\IntelliJ IDEA 2020.3\jbr\bin\VCRUNTIME140.dll
0x00007ffc21660000 - 0x00007ffc218fb000 	C:\WINDOWS\WinSxS\amd64_microsoft.windows.common-controls_6595b64144ccf1df_6.0.19041.746_none_ca02b4b61b8320a4\COMCTL32.dll
0x00007ffc34670000 - 0x00007ffc3470e000 	C:\WINDOWS\System32\msvcrt.dll
0x00007ffc34720000 - 0x00007ffc34750000 	C:\WINDOWS\System32\IMM32.DLL
0x00007ffc1d5c0000 - 0x00007ffc1d65d000 	G:\Soft\IntelliJ IDEA 2020.3\jbr\bin\msvcp140.dll
0x00007ffbf8ce0000 - 0x00007ffbf97ae000 	G:\Soft\IntelliJ IDEA 2020.3\jbr\bin\server\jvm.dll
0x00007ffc34060000 - 0x00007ffc3410c000 	C:\WINDOWS\System32\ADVAPI32.dll
0x00007ffc34560000 - 0x00007ffc345fc000 	C:\WINDOWS\System32\sechost.dll
0x00007ffc35470000 - 0x00007ffc3559b000 	C:\WINDOWS\System32\RPCRT4.dll
0x00007ffc34830000 - 0x00007ffc34838000 	C:\WINDOWS\System32\PSAPI.DLL
0x00007ffc0f9d0000 - 0x00007ffc0f9d9000 	C:\WINDOWS\SYSTEM32\WSOCK32.dll
0x00007ffc34600000 - 0x00007ffc3466b000 	C:\WINDOWS\System32\WS2_32.dll
0x00007ffc25f90000 - 0x00007ffc25fb7000 	C:\WINDOWS\SYSTEM32\WINMM.dll
0x00007ffc267a0000 - 0x00007ffc267aa000 	C:\WINDOWS\SYSTEM32\VERSION.dll
0x00007ffc32140000 - 0x00007ffc32152000 	C:\WINDOWS\SYSTEM32\kernel.appcore.dll
0x00007ffc258f0000 - 0x00007ffc25901000 	G:\Soft\IntelliJ IDEA 2020.3\jbr\bin\verify.dll
0x00007ffc31a50000 - 0x00007ffc31c34000 	C:\WINDOWS\SYSTEM32\DBGHELP.DLL
0x00007ffc207f0000 - 0x00007ffc2081c000 	C:\WINDOWS\SYSTEM32\dbgcore.DLL
0x00007ffc33b00000 - 0x00007ffc33b80000 	C:\WINDOWS\System32\bcryptPrimitives.dll
0x00007ffc257d0000 - 0x00007ffc257f9000 	G:\Soft\IntelliJ IDEA 2020.3\jbr\bin\java.dll
0x00007ffc2e5f0000 - 0x00007ffc2e5fb000 	G:\Soft\IntelliJ IDEA 2020.3\jbr\bin\jimage.dll
0x00007ffc2e8f0000 - 0x00007ffc2e8ff000 	G:\Soft\IntelliJ IDEA 2020.3\jbr\bin\instrument.dll
0x00007ffc220a0000 - 0x00007ffc220b8000 	G:\Soft\IntelliJ IDEA 2020.3\jbr\bin\zip.dll
0x00007ffc34930000 - 0x00007ffc35072000 	C:\WINDOWS\System32\SHELL32.dll
0x00007ffc311d0000 - 0x00007ffc31960000 	C:\WINDOWS\SYSTEM32\windows.storage.dll
0x00007ffc35090000 - 0x00007ffc353e6000 	C:\WINDOWS\System32\combase.dll
0x00007ffc32e00000 - 0x00007ffc32e2c000 	C:\WINDOWS\SYSTEM32\Wldp.dll
0x00007ffc34780000 - 0x00007ffc3482e000 	C:\WINDOWS\System32\SHCORE.dll
0x00007ffc34840000 - 0x00007ffc34895000 	C:\WINDOWS\System32\shlwapi.dll
0x00007ffc333a0000 - 0x00007ffc333c6000 	C:\WINDOWS\SYSTEM32\profapi.dll
0x00007ffc22080000 - 0x00007ffc2209a000 	G:\Soft\IntelliJ IDEA 2020.3\jbr\bin\net.dll
0x00007ffc27ba0000 - 0x00007ffc27ca0000 	C:\WINDOWS\SYSTEM32\WINHTTP.dll
0x00007ffc32bf0000 - 0x00007ffc32c5a000 	C:\WINDOWS\system32\mswsock.dll
0x00007ffc20b90000 - 0x00007ffc20ba4000 	G:\Soft\IntelliJ IDEA 2020.3\jbr\bin\nio.dll
0x00007ffc2e8d0000 - 0x00007ffc2e8ea000 	G:\Soft\IntelliJ IDEA 2020.3\bin\breakgen64.dll
0x00007ffc32900000 - 0x00007ffc329cb000 	C:\WINDOWS\SYSTEM32\DNSAPI.dll
0x00007ffc328b0000 - 0x00007ffc328eb000 	C:\WINDOWS\SYSTEM32\IPHLPAPI.DLL
0x00007ffc35080000 - 0x00007ffc35088000 	C:\WINDOWS\System32\NSI.dll
0x00000000517b0000 - 0x00000000517d6000 	C:\Program Files\Bonjour\mdnsNSP.dll
0x00007ffc259c0000 - 0x00007ffc259ca000 	C:\Windows\System32\rasadhlp.dll
0x00007ffc27910000 - 0x00007ffc2798f000 	C:\WINDOWS\System32\fwpuclnt.dll
0x00007ffc335b0000 - 0x00007ffc335d7000 	C:\WINDOWS\System32\bcrypt.dll
0x00007ffc2c6f0000 - 0x00007ffc2c6fa000 	G:\Soft\IntelliJ IDEA 2020.3\jbr\bin\management.dll
0x00007ffc274d0000 - 0x00007ffc274dc000 	G:\Soft\IntelliJ IDEA 2020.3\jbr\bin\management_ext.dll
0x00007ffc32fa0000 - 0x00007ffc32fb8000 	C:\WINDOWS\SYSTEM32\CRYPTSP.dll
0x00007ffc32540000 - 0x00007ffc32574000 	C:\WINDOWS\system32\rsaenh.dll
0x00007ffc33360000 - 0x00007ffc3338e000 	C:\WINDOWS\SYSTEM32\USERENV.dll
0x00007ffc32d70000 - 0x00007ffc32d7c000 	C:\WINDOWS\SYSTEM32\CRYPTBASE.dll
0x00007ffc2a530000 - 0x00007ffc2a547000 	C:\WINDOWS\SYSTEM32\dhcpcsvc6.DLL
0x00007ffc2a510000 - 0x00007ffc2a52d000 	C:\WINDOWS\SYSTEM32\dhcpcsvc.DLL
0x00007ffc1dd20000 - 0x00007ffc1dd37000 	C:\WINDOWS\system32\napinsp.dll
0x00007ffc1dd00000 - 0x00007ffc1dd1b000 	C:\WINDOWS\system32\pnrpnsp.dll
0x00007ffc1dbd0000 - 0x00007ffc1dbe5000 	C:\WINDOWS\system32\wshbth.dll
0x00007ffc2e790000 - 0x00007ffc2e7ad000 	C:\WINDOWS\system32\NLAapi.dll
0x00007ffc1dbb0000 - 0x00007ffc1dbc2000 	C:\WINDOWS\System32\winrnr.dll
0x00007ffc1d860000 - 0x00007ffc1d888000 	G:\Soft\IntelliJ IDEA 2020.3\jbr\bin\sunec.dll

dbghelp: loaded successfully - version: 4.0.5 - missing functions: none
symbol engine: initialized successfully - sym options: 0x614 - pdb path: .;G:\Soft\IntelliJ IDEA 2020.3\jbr\bin;C:\WINDOWS\SYSTEM32;C:\WINDOWS\WinSxS\amd64_microsoft.windows.common-controls_6595b64144ccf1df_6.0.19041.746_none_ca02b4b61b8320a4;G:\Soft\IntelliJ IDEA 2020.3\jbr\bin\server;G:\Soft\IntelliJ IDEA 2020.3\bin;C:\Program Files\Bonjour

VM Arguments:
jvm_args: -XX:TieredStopAtLevel=1 -Xverify:none -Dspring.output.ansi.enabled=always -javaagent:G:\Soft\IntelliJ IDEA 2020.3\lib\idea_rt.jar=59773:G:\Soft\IntelliJ IDEA 2020.3\bin -Dcom.sun.management.jmxremote -Dspring.jmx.enabled=true -Dspring.liveBeansView.mbeanDomain -Dspring.application.admin.enabled=true -Dfile.encoding=UTF-8 
java_command: kz.ktu.touroperator.TourOperatorApplication
java_class_path (initial): C:\Users\ergaz\IdeaProjects\tour-operator\target\classes;C:\Users\ergaz\.m2\repository\org\springframework\boot\spring-boot-starter-freemarker\2.4.2\spring-boot-starter-freemarker-2.4.2.jar;C:\Users\ergaz\.m2\repository\org\springframework\boot\spring-boot-starter\2.4.2\spring-boot-starter-2.4.2.jar;C:\Users\ergaz\.m2\repository\org\springframework\boot\spring-boot-starter-logging\2.4.2\spring-boot-starter-logging-2.4.2.jar;C:\Users\ergaz\.m2\repository\ch\qos\logback\logback-classic\1.2.3\logback-classic-1.2.3.jar;C:\Users\ergaz\.m2\repository\ch\qos\logback\logback-core\1.2.3\logback-core-1.2.3.jar;C:\Users\ergaz\.m2\repository\org\apache\logging\log4j\log4j-to-slf4j\2.13.3\log4j-to-slf4j-2.13.3.jar;C:\Users\ergaz\.m2\repository\org\apache\logging\log4j\log4j-api\2.13.3\log4j-api-2.13.3.jar;C:\Users\ergaz\.m2\repository\org\slf4j\jul-to-slf4j\1.7.30\jul-to-slf4j-1.7.30.jar;C:\Users\ergaz\.m2\repository\jakarta\annotation\jakarta.annotation-api\1.3.5\jakarta.annotation-api-1.3.5.jar;C:\Users\ergaz\.m2\repository\org\yaml\snakeyaml\1.27\snakeyaml-1.27.jar;C:\Users\ergaz\.m2\repository\org\freemarker\freemarker\2.3.30\freemarker-2.3.30.jar;C:\Users\ergaz\.m2\repository\org\springframework\spring-context-support\5.3.3\spring-context-support-5.3.3.jar;C:\Users\ergaz\.m2\repository\org\springframework\spring-beans\5.3.3\spring-beans-5.3.3.jar;C:\Users\ergaz\.m2\repository\org\springframework\spring-context\5.3.3\spring-context-5.3.3.jar;C:\Users\ergaz\.m2\repository\org\springframework\boot\spring-boot-starter-web\2.4.2\spring-boot-starter-web-2.4.2.jar;C:\Users\ergaz\.m2\repository\org\springframework\boot\spring-boot-starter-json\2.4.2\spring-boot-starter-json-2.4.2.jar;C:\Users\ergaz\.m2\repository\com\fasterxml\jackson\core\jackson-databind\2.11.4\jackson-databind-2.11.4.jar;C:\Users\ergaz\.m2\repository\com\fasterxml\jackson\core\jackson-annotations\2.11.4\jackson-annotations-2.11.4.jar;C:\Users\ergaz\.m2\repository\com\fasterxml\jackso
Launcher Type: SUN_STANDARD

[Global flags]
     bool BytecodeVerificationLocal                = false                                     {product} {command line}
     bool BytecodeVerificationRemote               = false                                     {product} {command line}
     intx CICompilerCount                          = 3                                         {product} {ergonomic}
     uint ConcGCThreads                            = 1                                         {product} {ergonomic}
     uint G1ConcRefinementThreads                  = 4                                         {product} {ergonomic}
   size_t G1HeapRegionSize                         = 1048576                                   {product} {ergonomic}
    uintx GCDrainStackTargetSize                   = 64                                        {product} {ergonomic}
   size_t InitialHeapSize                          = 134217728                                 {product} {ergonomic}
     bool ManagementServer                         = true                                      {product} {command line}
   size_t MarkStackSize                            = 4194304                                   {product} {ergonomic}
   size_t MaxHeapSize                              = 2118123520                                {product} {ergonomic}
   size_t MaxNewSize                               = 1270874112                                {product} {ergonomic}
   size_t MinHeapDeltaBytes                        = 1048576                                   {product} {ergonomic}
    uintx NonNMethodCodeHeapSize                   = 6973028                                {pd product} {ergonomic}
    uintx NonProfiledCodeHeapSize                  = 244685212                              {pd product} {ergonomic}
    uintx ProfiledCodeHeapSize                     = 0                                      {pd product} {ergonomic}
    uintx ReservedCodeCacheSize                    = 251658240                              {pd product} {ergonomic}
     bool SegmentedCodeCache                       = true                                      {product} {ergonomic}
     intx TieredStopAtLevel                        = 1                                         {product} {command line}
     bool UseCompressedClassPointers               = true                                 {lp64_product} {ergonomic}
     bool UseCompressedOops                        = true                                 {lp64_product} {ergonomic}
     bool UseG1GC                                  = true                                      {product} {ergonomic}
     bool UseLargePagesIndividualAllocation        = false                                  {pd product} {ergonomic}

Logging:
Log output configuration:
 #0: stdout all=warning uptime,level,tags
 #1: stderr all=off uptime,level,tags

Environment Variables:
JAVA_HOME=C:\Program Files\Java\jdk1.8.0_161
PATH=G:\WINDOWS.X64_193000_db_home\bin;G:\Installers\WINDOWS.X64_193000_db_home\bin;C:\Users\ergaz\Downloads\WINDOWS.X64_193000_db_home\bin;C:\Program Files\Microsoft MPI\Bin\;C:\Program Files (x86)\Common Files\Oracle\Java\javapath;C:\ProgramData\Oracle\Java\javapath;C:\WINDOWS\system32;C:\WINDOWS;C:\WINDOWS\System32\Wbem;C:\WINDOWS\System32\WindowsPowerShell\v1.0\;C:\Program Files (x86)\Common Files\Acronis\VirtualFile\;C:\Program Files (x86)\Common Files\Acronis\VirtualFile64\;C:\Program Files (x86)\Common Files\Acronis\FileProtector\;C:\Program Files (x86)\Common Files\Acronis\FileProtector64\;C:\Program Files (x86)\Common Files\Acronis\SnapAPI\;C:\WINDOWS\System32\OpenSSH\;C:\Program Files\NVIDIA Corporation\NVIDIA NvDLISR;G:\Soft\2.6.4\bin\i386-Win32;c:\Program Files (x86)\Microsoft SQL Server\110\Tools\Binn\;c:\Program Files\Microsoft SQL Server\110\Tools\Binn\;c:\Program Files\Microsoft SQL Server\110\DTS\Binn\;c:\Program Files (x86)\Microsoft SQL Server\110\Tools\Binn\ManagementStudio\;c:\Program Files (x86)\Microsoft SQL Server\110\DTS\Binn\;C:\Program Files (x86)\NVIDIA Corporation\PhysX\Common;C:\Program Files\Git\cmd;C:\WINDOWS\system32;C:\WINDOWS;C:\WINDOWS\System32\Wbem;C:\WINDOWS\System32\WindowsPowerShell\v1.0\;C:\WINDOWS\System32\OpenSSH\;G:\Soft\nodejs\;C:\Program Files\Java\jdk1.8.0_161\bin;C:\Program Files\MySQL\MySQL Shell 8.0\bin\;C:\Users\ergaz\AppData\Local\Microsoft\WindowsApps;C:\Users\ergaz\AppData\Roaming\npm;C:\Program Files\Java\jdk1.8.0_161\bin;C:\Users\ergaz\AppData\Local\GitHubDesktop\bin
USERNAME=ergaz
OS=Windows_NT
PROCESSOR_IDENTIFIER=Intel64 Family 6 Model 69 Stepping 1, GenuineIntel



---------------  S Y S T E M  ---------------

OS: Windows 10 , 64 bit Build 19041 (10.0.19041.804)
OS uptime: 0 days 4:39 hours
HyperV virtualization detected

CPU:total 4 (initial active 4) (2 cores per cpu, 2 threads per core) family 6 model 69 stepping 1, cmov, cx8, fxsr, mmx, sse, sse2, sse3, ssse3, sse4.1, sse4.2, popcnt, avx, avx2, aes, clmul, erms, lzcnt, ht, tsc, tscinvbit, bmi1, bmi2, fma

Memory: 4k page, system-wide physical 8075M (1355M free)
TotalPageFile size 9099M (AvailPageFile size 188M)
current process WorkingSet (physical memory assigned to process): 214M, peak: 214M
current process commit charge ("private bytes"): 286M, peak: 287M

vm_info: OpenJDK 64-Bit Server VM (11.0.9.1+11-b1145.63) for windows-amd64 JRE (11.0.9.1+11-b1145.63), built on Dec 21 2020 13:58:54 by "" with MS VC++ 14.0 (VS2015)

END.
