#
# There is insufficient memory for the Java Runtime Environment to continue.
# Native memory allocation (mmap) failed to map 32505856 bytes for Failed to commit area from 0x000000008b600000 to 0x000000008d500000 of length 32505856.
# Possible reasons:
#   The system is out of physical RAM or swap space
#   The process is running with CompressedOops enabled, and the Java Heap may be blocking the growth of the native heap
# Possible solutions:
#   Reduce memory load on the system
#   Increase physical memory or swap space
#   Check if swap backing store is full
#   Decrease Java heap size (-Xmx/-Xms)
#   Decrease number of Java threads
#   Decrease Java thread stack sizes (-Xss)
#   Set larger code cache with -XX:ReservedCodeCacheSize=
#   JVM is running with Unscaled Compressed Oops mode in which the Java heap is
#     placed in the first 4GB address space. The Java Heap base address is the
#     maximum limit for the native heap growth. Please use -XX:HeapBaseMinAddress
#     to set the Java Heap base and to place the Java Heap above 4GB virtual address.
# This output file may be truncated or incomplete.
#
#  Out of Memory Error (./src/hotspot/os/windows/os_windows.cpp:3303), pid=8172, tid=10820
#
# JRE version: OpenJDK Runtime Environment JBR-11.0.9.1.11-1145.63-jcef (11.0.9.1+11) (build 11.0.9.1+11-b1145.63)
# Java VM: OpenJDK 64-Bit Server VM JBR-11.0.9.1.11-1145.63-jcef (11.0.9.1+11-b1145.63, mixed mode, tiered, compressed oops, g1 gc, windows-amd64)
# No core dump will be written. Minidumps are not enabled by default on client versions of Windows
#

---------------  S U M M A R Y ------------

Command Line: -XX:TieredStopAtLevel=1 -Xverify:none -Dspring.output.ansi.enabled=always -javaagent:G:\Soft\IntelliJ IDEA 2020.3\lib\idea_rt.jar=62635:G:\Soft\IntelliJ IDEA 2020.3\bin -Dcom.sun.management.jmxremote -Dspring.jmx.enabled=true -Dspring.liveBeansView.mbeanDomain -Dspring.application.admin.enabled=true -Dfile.encoding=UTF-8 kz.ktu.touroperator.TourOperatorApplication

Host: Intel(R) Core(TM) i5-4210U CPU @ 1.70GHz, 4 cores, 7G,  Windows 10 , 64 bit Build 19041 (10.0.19041.804)
Time: Tue Feb 16 21:31:47 2021 Центральная Азия (зима) elapsed time: 13.109144 seconds (0d 0h 0m 13s)

---------------  T H R E A D  ---------------

Current thread (0x000001a3fc5ba800):  VMThread "VM Thread" [stack: 0x0000002e5f800000,0x0000002e5f900000] [id=10820]

Stack: [0x0000002e5f800000,0x0000002e5f900000]
[error occurred during error reporting (printing stack bounds), id 0xc0000005, EXCEPTION_ACCESS_VIOLATION (0xc0000005) at pc=0x000001a380000dad]

Native frames: (J=compiled Java code, j=interpreted, Vv=VM code, C=native code)
V  [jvm.dll+0x5edd9a]
V  [jvm.dll+0x7229c5]
V  [jvm.dll+0x723f1d]
V  [jvm.dll+0x724535]
V  [jvm.dll+0x7244eb]
V  [jvm.dll+0x5ed1f8]
V  [jvm.dll+0x5ed988]
C  [ntdll.dll+0xa197f]
C  [ntdll.dll+0x4b754]
C  [ntdll.dll+0xa04ae]
C  0x000001a380000dad

VM_Operation (0x0000002e607f9380): CollectForMetadataAllocation, mode: safepoint, requested by thread 0x000001a3fdafc800


---------------  P R O C E S S  ---------------

Threads class SMR info:
_java_thread_list=0x000001a3ff56cf00, length=22, elements={
0x000001a3f19c8000, 0x000001a3fc5e0800, 0x000001a3fc5e4800, 0x000001a3fcf7a800,
0x000001a3fcf7b800, 0x000001a3fcf7c800, 0x000001a3fcf81000, 0x000001a3fd095000,
0x000001a3fd40e800, 0x000001a3fd40f000, 0x000001a3fd606800, 0x000001a3fdaf3000,
0x000001a3fdafc800, 0x000001a3fe7ea800, 0x000001a3fe842000, 0x000001a3fd87a000,
0x000001a3fd98a000, 0x000001a3fd703800, 0x000001a3ff1b0800, 0x000001a3ff1f3800,
0x000001a3ff1f4000, 0x000001a3ff1f5000
}

Java Threads: ( => current thread )
  0x000001a3f19c8000 JavaThread "main" [_thread_blocked, id=11472, stack(0x0000002e5f200000,0x0000002e5f300000)]
  0x000001a3fc5e0800 JavaThread "Reference Handler" daemon [_thread_blocked, id=1824, stack(0x0000002e5f900000,0x0000002e5fa00000)]
  0x000001a3fc5e4800 JavaThread "Finalizer" daemon [_thread_blocked, id=8288, stack(0x0000002e5fa00000,0x0000002e5fb00000)]
  0x000001a3fcf7a800 JavaThread "Signal Dispatcher" daemon [_thread_blocked, id=4904, stack(0x0000002e5fb00000,0x0000002e5fc00000)]
  0x000001a3fcf7b800 JavaThread "Attach Listener" daemon [_thread_blocked, id=4324, stack(0x0000002e5fc00000,0x0000002e5fd00000)]
  0x000001a3fcf7c800 JavaThread "C1 CompilerThread0" daemon [_thread_blocked, id=1348, stack(0x0000002e5fd00000,0x0000002e5fe00000)]
  0x000001a3fcf81000 JavaThread "Sweeper thread" daemon [_thread_blocked, id=7016, stack(0x0000002e5fe00000,0x0000002e5ff00000)]
  0x000001a3fd095000 JavaThread "Common-Cleaner" daemon [_thread_blocked, id=6716, stack(0x0000002e5ff00000,0x0000002e60000000)]
  0x000001a3fd40e800 JavaThread "Monitor Ctrl-Break" daemon [_thread_in_native, id=8932, stack(0x0000002e60000000,0x0000002e60100000)]
  0x000001a3fd40f000 JavaThread "Service Thread" daemon [_thread_blocked, id=3604, stack(0x0000002e60100000,0x0000002e60200000)]
  0x000001a3fd606800 JavaThread "RMI TCP Accept-0" daemon [_thread_in_native, id=3144, stack(0x0000002e60200000,0x0000002e60300000)]
  0x000001a3fdaf3000 JavaThread "Thread-0" [_thread_blocked, id=2296, stack(0x0000002e60600000,0x0000002e60700000)]
  0x000001a3fdafc800 JavaThread "restartedMain" [_thread_blocked, id=4648, stack(0x0000002e60700000,0x0000002e60800000)]
  0x000001a3fe7ea800 JavaThread "RMI TCP Connection(idle)" daemon [_thread_blocked, id=5104, stack(0x0000002e60800000,0x0000002e60900000)]
  0x000001a3fe842000 JavaThread "RMI Scheduler(0)" daemon [_thread_blocked, id=2500, stack(0x0000002e60a00000,0x0000002e60b00000)]
  0x000001a3fd87a000 JavaThread "Catalina-utility-1" [_thread_blocked, id=3312, stack(0x0000002e60b00000,0x0000002e60c00000)]
  0x000001a3fd98a000 JavaThread "Catalina-utility-2" [_thread_blocked, id=5244, stack(0x0000002e60c00000,0x0000002e60d00000)]
  0x000001a3fd703800 JavaThread "container-0" [_thread_blocked, id=1380, stack(0x0000002e60d00000,0x0000002e60e00000)]
  0x000001a3ff1b0800 JavaThread "mysql-cj-abandoned-connection-cleanup" daemon [_thread_blocked, id=7020, stack(0x0000002e60e00000,0x0000002e60f00000)]
  0x000001a3ff1f3800 JavaThread "HikariPool-1 housekeeper" daemon [_thread_blocked, id=9704, stack(0x0000002e61000000,0x0000002e61100000)]
  0x000001a3ff1f4000 JavaThread "HikariPool-1 connection adder" daemon [_thread_blocked, id=2452, stack(0x0000002e61100000,0x0000002e61200000)]
  0x000001a3ff1f5000 JavaThread "Live Reload Server" daemon [_thread_in_native, id=5892, stack(0x0000002e61300000,0x0000002e61400000)]

Other Threads:
=>0x000001a3fc5ba800 VMThread "VM Thread" [stack: 0x0000002e5f800000,0x0000002e5f900000] [id=10820]
  0x000001a3fd608800 WatcherThread [stack: 0x0000002e60300000,0x0000002e60400000] [id=1140]
  0x000001a3f19df800 GCTaskThread "GC Thread#0" [stack: 0x0000002e5f300000,0x0000002e5f400000] [id=8416]
  0x000001a3fd6e2000 GCTaskThread "GC Thread#1" [stack: 0x0000002e60400000,0x0000002e60500000] [id=11112]
  0x000001a3fd6d5000 GCTaskThread "GC Thread#2" [stack: 0x0000002e60500000,0x0000002e60600000] [id=3168]
  0x000001a3fe80c000 GCTaskThread "GC Thread#3" [stack: 0x0000002e60900000,0x0000002e60a00000] [id=8092]
  0x000001a3f1a0f000 ConcurrentGCThread "G1 Main Marker" [stack: 0x0000002e5f400000,0x0000002e5f500000] [id=3084]
  0x000001a3f1a10800 ConcurrentGCThread "G1 Conc#0" [stack: 0x0000002e5f500000,0x0000002e5f600000] [id=7032]
  0x000001a3f1a91800 ConcurrentGCThread "G1 Refine#0" [stack: 0x0000002e5f600000,0x0000002e5f700000] [id=5184]
  0x000001a3fc430800 ConcurrentGCThread "G1 Young RemSet Sampling" [stack: 0x0000002e5f700000,0x0000002e5f800000] [id=10740]

Threads with active compile tasks:

VM state:at safepoint (normal execution)

VM Mutex/Monitor currently owned by a thread:  ([mutex/lock_event])
[0x000001a3f19c7b00] Threads_lock - owner thread: 0x000001a3fc5ba800
[0x000001a3f19c6ab0] Heap_lock - owner thread: 0x000001a3fdafc800

OutOfMemory and StackOverflow Exception counts:
OutOfMemoryError java_heap_errors=1
LinkageErrors=76

Heap address: 0x0000000081c00000, size: 2020 MB, Compressed Oops mode: 32-bit
Narrow klass base: 0x0000000000000000, Narrow klass shift: 3
Compressed class space size: 1073741824 Address: 0x0000000100000000

Heap:
 garbage-first heap   total 189440K, used 26944K [0x0000000081c00000, 0x0000000100000000)
  region size 1024K, 5 young (5120K), 5 survivors (5120K)
 Metaspace       used 57282K, capacity 58958K, committed 59136K, reserved 1116160K
  class space    used 7515K, capacity 8174K, committed 8192K, reserved 1048576K
Heap Regions: E=young(eden), S=young(survivor), O=old, HS=humongous(starts), HC=humongous(continues), CS=collection set, F=free, A=archive, TAMS=top-at-mark-start (previous, next)
|   0|0x0000000081c00000, 0x0000000081d00000, 0x0000000081d00000|100%|HS|  |TAMS 0x0000000081d00000, 0x0000000081d00000| Complete 
|   1|0x0000000081d00000, 0x0000000081e00000, 0x0000000081e00000|100%| O|  |TAMS 0x0000000081e00000, 0x0000000081e00000| Untracked 
|   2|0x0000000081e00000, 0x0000000081f00000, 0x0000000081f00000|100%| O|  |TAMS 0x0000000081f00000, 0x0000000081f00000| Untracked 
|   3|0x0000000081f00000, 0x0000000082000000, 0x0000000082000000|100%| O|  |TAMS 0x0000000082000000, 0x0000000082000000| Untracked 
|   4|0x0000000082000000, 0x0000000082100000, 0x0000000082100000|100%| O|  |TAMS 0x0000000082100000, 0x0000000082100000| Untracked 
|   5|0x0000000082100000, 0x0000000082200000, 0x0000000082200000|100%| O|  |TAMS 0x0000000082200000, 0x0000000082200000| Untracked 
|   6|0x0000000082200000, 0x0000000082300000, 0x0000000082300000|100%| O|  |TAMS 0x0000000082300000, 0x0000000082300000| Untracked 
|   7|0x0000000082300000, 0x0000000082400000, 0x0000000082400000|100%| O|  |TAMS 0x0000000082400000, 0x0000000082400000| Untracked 
|   8|0x0000000082400000, 0x0000000082500000, 0x0000000082500000|100%| O|  |TAMS 0x0000000082500000, 0x0000000082500000| Untracked 
|   9|0x0000000082500000, 0x0000000082600000, 0x0000000082600000|100%| O|  |TAMS 0x0000000082600000, 0x0000000082600000| Untracked 
|  10|0x0000000082600000, 0x0000000082700000, 0x0000000082700000|100%| O|  |TAMS 0x0000000082700000, 0x0000000082700000| Untracked 
|  11|0x0000000082700000, 0x0000000082800000, 0x0000000082800000|100%| O|  |TAMS 0x0000000082800000, 0x0000000082800000| Untracked 
|  12|0x0000000082800000, 0x0000000082900000, 0x0000000082900000|100%| O|  |TAMS 0x0000000082900000, 0x0000000082900000| Untracked 
|  13|0x0000000082900000, 0x0000000082a00000, 0x0000000082a00000|100%| O|  |TAMS 0x0000000082a00000, 0x0000000082a00000| Untracked 
|  14|0x0000000082a00000, 0x0000000082b00000, 0x0000000082b00000|100%| O|  |TAMS 0x0000000082b00000, 0x0000000082b00000| Untracked 
|  15|0x0000000082b00000, 0x0000000082c00000, 0x0000000082c00000|100%| O|  |TAMS 0x0000000082c00000, 0x0000000082c00000| Untracked 
|  16|0x0000000082c00000, 0x0000000082d00000, 0x0000000082d00000|100%| O|  |TAMS 0x0000000082d00000, 0x0000000082d00000| Untracked 
|  17|0x0000000082d00000, 0x0000000082e00000, 0x0000000082e00000|100%| O|  |TAMS 0x0000000082e00000, 0x0000000082e00000| Untracked 
|  18|0x0000000082e00000, 0x0000000082f00000, 0x0000000082f00000|100%| O|  |TAMS 0x0000000082f00000, 0x0000000082f00000| Untracked 
|  19|0x0000000082f00000, 0x0000000083000000, 0x0000000083000000|100%| O|  |TAMS 0x0000000083000000, 0x0000000083000000| Untracked 
|  20|0x0000000083000000, 0x0000000083100000, 0x0000000083100000|100%| O|  |TAMS 0x0000000083100000, 0x0000000083100000| Untracked 
|  21|0x0000000083100000, 0x0000000083200000, 0x0000000083200000|100%| O|  |TAMS 0x0000000083200000, 0x0000000083200000| Untracked 
|  22|0x0000000083200000, 0x000000008321ae00, 0x0000000083300000| 10%| O|  |TAMS 0x000000008321ae00, 0x000000008321ae00| Untracked 
|  23|0x0000000083300000, 0x0000000083300000, 0x0000000083400000|  0%| F|  |TAMS 0x0000000083300000, 0x0000000083300000| Untracked 
|  24|0x0000000083400000, 0x0000000083400000, 0x0000000083500000|  0%| F|  |TAMS 0x0000000083400000, 0x0000000083400000| Untracked 
|  25|0x0000000083500000, 0x0000000083500000, 0x0000000083600000|  0%| F|  |TAMS 0x0000000083500000, 0x0000000083500000| Untracked 
|  26|0x0000000083600000, 0x0000000083600000, 0x0000000083700000|  0%| F|  |TAMS 0x0000000083600000, 0x0000000083600000| Untracked 
|  27|0x0000000083700000, 0x0000000083700000, 0x0000000083800000|  0%| F|  |TAMS 0x0000000083700000, 0x0000000083700000| Untracked 
|  28|0x0000000083800000, 0x0000000083800000, 0x0000000083900000|  0%| F|  |TAMS 0x0000000083800000, 0x0000000083800000| Untracked 
|  29|0x0000000083900000, 0x0000000083900000, 0x0000000083a00000|  0%| F|  |TAMS 0x0000000083900000, 0x0000000083900000| Untracked 
|  30|0x0000000083a00000, 0x0000000083a00000, 0x0000000083b00000|  0%| F|  |TAMS 0x0000000083a00000, 0x0000000083a00000| Untracked 
|  31|0x0000000083b00000, 0x0000000083b00000, 0x0000000083c00000|  0%| F|  |TAMS 0x0000000083b00000, 0x0000000083b00000| Untracked 
|  32|0x0000000083c00000, 0x0000000083c00000, 0x0000000083d00000|  0%| F|  |TAMS 0x0000000083c00000, 0x0000000083c00000| Untracked 
|  33|0x0000000083d00000, 0x0000000083d00000, 0x0000000083e00000|  0%| F|  |TAMS 0x0000000083d00000, 0x0000000083d00000| Untracked 
|  34|0x0000000083e00000, 0x0000000083e00000, 0x0000000083f00000|  0%| F|  |TAMS 0x0000000083e00000, 0x0000000083e00000| Untracked 
|  35|0x0000000083f00000, 0x0000000083f00000, 0x0000000084000000|  0%| F|  |TAMS 0x0000000083f00000, 0x0000000083f00000| Untracked 
|  36|0x0000000084000000, 0x0000000084000000, 0x0000000084100000|  0%| F|  |TAMS 0x0000000084000000, 0x0000000084000000| Untracked 
|  37|0x0000000084100000, 0x0000000084100000, 0x0000000084200000|  0%| F|  |TAMS 0x0000000084100000, 0x0000000084100000| Untracked 
|  38|0x0000000084200000, 0x0000000084200000, 0x0000000084300000|  0%| F|  |TAMS 0x0000000084200000, 0x0000000084200000| Untracked 
|  39|0x0000000084300000, 0x0000000084300000, 0x0000000084400000|  0%| F|  |TAMS 0x0000000084300000, 0x0000000084300000| Untracked 
|  40|0x0000000084400000, 0x0000000084400000, 0x0000000084500000|  0%| F|  |TAMS 0x0000000084400000, 0x0000000084400000| Untracked 
|  41|0x0000000084500000, 0x0000000084500000, 0x0000000084600000|  0%| F|  |TAMS 0x0000000084500000, 0x0000000084500000| Untracked 
|  42|0x0000000084600000, 0x0000000084600000, 0x0000000084700000|  0%| F|  |TAMS 0x0000000084600000, 0x0000000084600000| Untracked 
|  43|0x0000000084700000, 0x0000000084700000, 0x0000000084800000|  0%| F|  |TAMS 0x0000000084700000, 0x0000000084700000| Untracked 
|  44|0x0000000084800000, 0x0000000084800000, 0x0000000084900000|  0%| F|  |TAMS 0x0000000084800000, 0x0000000084800000| Untracked 
|  45|0x0000000084900000, 0x0000000084900000, 0x0000000084a00000|  0%| F|  |TAMS 0x0000000084900000, 0x0000000084900000| Untracked 
|  46|0x0000000084a00000, 0x0000000084a00000, 0x0000000084b00000|  0%| F|  |TAMS 0x0000000084a00000, 0x0000000084a00000| Untracked 
|  47|0x0000000084b00000, 0x0000000084b00000, 0x0000000084c00000|  0%| F|  |TAMS 0x0000000084b00000, 0x0000000084b00000| Untracked 
|  48|0x0000000084c00000, 0x0000000084c00000, 0x0000000084d00000|  0%| F|  |TAMS 0x0000000084c00000, 0x0000000084c00000| Untracked 
|  49|0x0000000084d00000, 0x0000000084d00000, 0x0000000084e00000|  0%| F|  |TAMS 0x0000000084d00000, 0x0000000084d00000| Untracked 
|  50|0x0000000084e00000, 0x0000000084e00000, 0x0000000084f00000|  0%| F|  |TAMS 0x0000000084e00000, 0x0000000084e00000| Untracked 
|  51|0x0000000084f00000, 0x0000000084f00000, 0x0000000085000000|  0%| F|  |TAMS 0x0000000084f00000, 0x0000000084f00000| Untracked 
|  52|0x0000000085000000, 0x0000000085000000, 0x0000000085100000|  0%| F|  |TAMS 0x0000000085000000, 0x0000000085000000| Untracked 
|  53|0x0000000085100000, 0x0000000085100000, 0x0000000085200000|  0%| F|  |TAMS 0x0000000085100000, 0x0000000085100000| Untracked 
|  54|0x0000000085200000, 0x0000000085200000, 0x0000000085300000|  0%| F|  |TAMS 0x0000000085200000, 0x0000000085200000| Untracked 
|  55|0x0000000085300000, 0x0000000085300000, 0x0000000085400000|  0%| F|  |TAMS 0x0000000085300000, 0x0000000085300000| Untracked 
|  56|0x0000000085400000, 0x0000000085400000, 0x0000000085500000|  0%| F|  |TAMS 0x0000000085400000, 0x0000000085400000| Untracked 
|  57|0x0000000085500000, 0x0000000085500000, 0x0000000085600000|  0%| F|  |TAMS 0x0000000085500000, 0x0000000085500000| Untracked 
|  58|0x0000000085600000, 0x0000000085600000, 0x0000000085700000|  0%| F|  |TAMS 0x0000000085600000, 0x0000000085600000| Untracked 
|  59|0x0000000085700000, 0x0000000085700000, 0x0000000085800000|  0%| F|  |TAMS 0x0000000085700000, 0x0000000085700000| Untracked 
|  60|0x0000000085800000, 0x0000000085800000, 0x0000000085900000|  0%| F|  |TAMS 0x0000000085800000, 0x0000000085800000| Untracked 
|  61|0x0000000085900000, 0x0000000085900000, 0x0000000085a00000|  0%| F|  |TAMS 0x0000000085900000, 0x0000000085900000| Untracked 
|  62|0x0000000085a00000, 0x0000000085a00000, 0x0000000085b00000|  0%| F|  |TAMS 0x0000000085a00000, 0x0000000085a00000| Untracked 
|  63|0x0000000085b00000, 0x0000000085b00000, 0x0000000085c00000|  0%| F|  |TAMS 0x0000000085b00000, 0x0000000085b00000| Untracked 
|  64|0x0000000085c00000, 0x0000000085c00000, 0x0000000085d00000|  0%| F|  |TAMS 0x0000000085c00000, 0x0000000085c00000| Untracked 
|  65|0x0000000085d00000, 0x0000000085d00000, 0x0000000085e00000|  0%| F|  |TAMS 0x0000000085d00000, 0x0000000085d00000| Untracked 
|  66|0x0000000085e00000, 0x0000000085e00000, 0x0000000085f00000|  0%| F|  |TAMS 0x0000000085e00000, 0x0000000085e00000| Untracked 
|  67|0x0000000085f00000, 0x0000000085f00000, 0x0000000086000000|  0%| F|  |TAMS 0x0000000085f00000, 0x0000000085f00000| Untracked 
|  68|0x0000000086000000, 0x0000000086000000, 0x0000000086100000|  0%| F|  |TAMS 0x0000000086000000, 0x0000000086000000| Untracked 
|  69|0x0000000086100000, 0x0000000086100000, 0x0000000086200000|  0%| F|  |TAMS 0x0000000086100000, 0x0000000086100000| Untracked 
|  70|0x0000000086200000, 0x0000000086200000, 0x0000000086300000|  0%| F|  |TAMS 0x0000000086200000, 0x0000000086200000| Untracked 
|  71|0x0000000086300000, 0x0000000086300000, 0x0000000086400000|  0%| F|  |TAMS 0x0000000086300000, 0x0000000086300000| Untracked 
|  72|0x0000000086400000, 0x0000000086400000, 0x0000000086500000|  0%| F|  |TAMS 0x0000000086400000, 0x0000000086400000| Untracked 
|  73|0x0000000086500000, 0x0000000086500000, 0x0000000086600000|  0%| F|  |TAMS 0x0000000086500000, 0x0000000086500000| Untracked 
|  74|0x0000000086600000, 0x0000000086600000, 0x0000000086700000|  0%| F|  |TAMS 0x0000000086600000, 0x0000000086600000| Untracked 
|  75|0x0000000086700000, 0x0000000086700000, 0x0000000086800000|  0%| F|  |TAMS 0x0000000086700000, 0x0000000086700000| Untracked 
|  76|0x0000000086800000, 0x0000000086800000, 0x0000000086900000|  0%| F|  |TAMS 0x0000000086800000, 0x0000000086800000| Untracked 
|  77|0x0000000086900000, 0x0000000086900000, 0x0000000086a00000|  0%| F|  |TAMS 0x0000000086900000, 0x0000000086900000| Untracked 
|  78|0x0000000086a00000, 0x0000000086a00000, 0x0000000086b00000|  0%| F|  |TAMS 0x0000000086a00000, 0x0000000086a00000| Untracked 
|  79|0x0000000086b00000, 0x0000000086b00000, 0x0000000086c00000|  0%| F|  |TAMS 0x0000000086b00000, 0x0000000086b00000| Untracked 
|  80|0x0000000086c00000, 0x0000000086c00000, 0x0000000086d00000|  0%| F|  |TAMS 0x0000000086c00000, 0x0000000086c00000| Untracked 
|  81|0x0000000086d00000, 0x0000000086d00000, 0x0000000086e00000|  0%| F|  |TAMS 0x0000000086d00000, 0x0000000086d00000| Untracked 
|  82|0x0000000086e00000, 0x0000000086e00000, 0x0000000086f00000|  0%| F|  |TAMS 0x0000000086e00000, 0x0000000086e00000| Untracked 
|  83|0x0000000086f00000, 0x0000000086f00000, 0x0000000087000000|  0%| F|  |TAMS 0x0000000086f00000, 0x0000000086f00000| Untracked 
|  84|0x0000000087000000, 0x0000000087000000, 0x0000000087100000|  0%| F|  |TAMS 0x0000000087000000, 0x0000000087000000| Untracked 
|  85|0x0000000087100000, 0x0000000087100000, 0x0000000087200000|  0%| F|  |TAMS 0x0000000087100000, 0x0000000087100000| Untracked 
|  86|0x0000000087200000, 0x0000000087200000, 0x0000000087300000|  0%| F|  |TAMS 0x0000000087200000, 0x0000000087200000| Untracked 
|  87|0x0000000087300000, 0x0000000087300000, 0x0000000087400000|  0%| F|  |TAMS 0x0000000087300000, 0x0000000087300000| Untracked 
|  88|0x0000000087400000, 0x0000000087400000, 0x0000000087500000|  0%| F|  |TAMS 0x0000000087400000, 0x0000000087400000| Untracked 
|  89|0x0000000087500000, 0x0000000087500000, 0x0000000087600000|  0%| F|  |TAMS 0x0000000087500000, 0x0000000087500000| Untracked 
|  90|0x0000000087600000, 0x0000000087600000, 0x0000000087700000|  0%| F|  |TAMS 0x0000000087600000, 0x0000000087600000| Untracked 
|  91|0x0000000087700000, 0x0000000087700000, 0x0000000087800000|  0%| F|  |TAMS 0x0000000087700000, 0x0000000087700000| Untracked 
|  92|0x0000000087800000, 0x0000000087800000, 0x0000000087900000|  0%| F|  |TAMS 0x0000000087800000, 0x0000000087800000| Untracked 
|  93|0x0000000087900000, 0x0000000087900000, 0x0000000087a00000|  0%| F|  |TAMS 0x0000000087900000, 0x0000000087900000| Untracked 
|  94|0x0000000087a00000, 0x0000000087a00000, 0x0000000087b00000|  0%| F|  |TAMS 0x0000000087a00000, 0x0000000087a00000| Untracked 
|  95|0x0000000087b00000, 0x0000000087b00000, 0x0000000087c00000|  0%| F|  |TAMS 0x0000000087b00000, 0x0000000087b00000| Untracked 
|  96|0x0000000087c00000, 0x0000000087c00000, 0x0000000087d00000|  0%| F|  |TAMS 0x0000000087c00000, 0x0000000087c00000| Untracked 
|  97|0x0000000087d00000, 0x0000000087d00000, 0x0000000087e00000|  0%| F|  |TAMS 0x0000000087d00000, 0x0000000087d00000| Untracked 
|  98|0x0000000087e00000, 0x0000000087e00000, 0x0000000087f00000|  0%| F|  |TAMS 0x0000000087e00000, 0x0000000087e00000| Untracked 
|  99|0x0000000087f00000, 0x0000000087f00000, 0x0000000088000000|  0%| F|  |TAMS 0x0000000087f00000, 0x0000000087f00000| Untracked 
| 100|0x0000000088000000, 0x0000000088000000, 0x0000000088100000|  0%| F|  |TAMS 0x0000000088000000, 0x0000000088000000| Untracked 
| 101|0x0000000088100000, 0x0000000088100000, 0x0000000088200000|  0%| F|  |TAMS 0x0000000088100000, 0x0000000088100000| Untracked 
| 102|0x0000000088200000, 0x0000000088200000, 0x0000000088300000|  0%| F|  |TAMS 0x0000000088200000, 0x0000000088200000| Untracked 
| 103|0x0000000088300000, 0x0000000088300000, 0x0000000088400000|  0%| F|  |TAMS 0x0000000088300000, 0x0000000088300000| Untracked 
| 104|0x0000000088400000, 0x0000000088400000, 0x0000000088500000|  0%| F|  |TAMS 0x0000000088400000, 0x0000000088400000| Untracked 
| 105|0x0000000088500000, 0x0000000088500000, 0x0000000088600000|  0%| F|  |TAMS 0x0000000088500000, 0x0000000088500000| Untracked 
| 106|0x0000000088600000, 0x0000000088600000, 0x0000000088700000|  0%| F|  |TAMS 0x0000000088600000, 0x0000000088600000| Untracked 
| 107|0x0000000088700000, 0x0000000088700000, 0x0000000088800000|  0%| F|  |TAMS 0x0000000088700000, 0x0000000088700000| Untracked 
| 108|0x0000000088800000, 0x0000000088800000, 0x0000000088900000|  0%| F|  |TAMS 0x0000000088800000, 0x0000000088800000| Untracked 
| 109|0x0000000088900000, 0x0000000088900000, 0x0000000088a00000|  0%| F|  |TAMS 0x0000000088900000, 0x0000000088900000| Untracked 
| 110|0x0000000088a00000, 0x0000000088a00000, 0x0000000088b00000|  0%| F|  |TAMS 0x0000000088a00000, 0x0000000088a00000| Untracked 
| 111|0x0000000088b00000, 0x0000000088b00000, 0x0000000088c00000|  0%| F|  |TAMS 0x0000000088b00000, 0x0000000088b00000| Untracked 
| 112|0x0000000088c00000, 0x0000000088c00000, 0x0000000088d00000|  0%| F|  |TAMS 0x0000000088c00000, 0x0000000088c00000| Untracked 
| 113|0x0000000088d00000, 0x0000000088d00000, 0x0000000088e00000|  0%| F|  |TAMS 0x0000000088d00000, 0x0000000088d00000| Untracked 
| 114|0x0000000088e00000, 0x0000000088e00000, 0x0000000088f00000|  0%| F|  |TAMS 0x0000000088e00000, 0x0000000088e00000| Untracked 
| 115|0x0000000088f00000, 0x0000000088f00000, 0x0000000089000000|  0%| F|  |TAMS 0x0000000088f00000, 0x0000000088f00000| Untracked 
| 116|0x0000000089000000, 0x0000000089000000, 0x0000000089100000|  0%| F|  |TAMS 0x0000000089000000, 0x0000000089000000| Untracked 
| 117|0x0000000089100000, 0x0000000089100000, 0x0000000089200000|  0%| F|  |TAMS 0x0000000089100000, 0x0000000089100000| Untracked 
| 118|0x0000000089200000, 0x0000000089200000, 0x0000000089300000|  0%| F|  |TAMS 0x0000000089200000, 0x0000000089200000| Untracked 
| 119|0x0000000089300000, 0x0000000089300000, 0x0000000089400000|  0%| F|  |TAMS 0x0000000089300000, 0x0000000089300000| Untracked 
| 120|0x0000000089400000, 0x0000000089400000, 0x0000000089500000|  0%| F|  |TAMS 0x0000000089400000, 0x0000000089400000| Untracked 
| 121|0x0000000089500000, 0x0000000089500000, 0x0000000089600000|  0%| F|  |TAMS 0x0000000089500000, 0x0000000089500000| Untracked 
| 122|0x0000000089600000, 0x0000000089600000, 0x0000000089700000|  0%| F|  |TAMS 0x0000000089600000, 0x0000000089600000| Untracked 
| 123|0x0000000089700000, 0x0000000089700000, 0x0000000089800000|  0%| F|  |TAMS 0x0000000089700000, 0x0000000089700000| Untracked 
| 124|0x0000000089800000, 0x0000000089800000, 0x0000000089900000|  0%| F|  |TAMS 0x0000000089800000, 0x0000000089800000| Untracked 
| 125|0x0000000089900000, 0x0000000089900000, 0x0000000089a00000|  0%| F|  |TAMS 0x0000000089900000, 0x0000000089900000| Untracked 
| 126|0x0000000089a00000, 0x0000000089a00000, 0x0000000089b00000|  0%| F|  |TAMS 0x0000000089a00000, 0x0000000089a00000| Untracked 
| 127|0x0000000089b00000, 0x0000000089b00000, 0x0000000089c00000|  0%| F|  |TAMS 0x0000000089b00000, 0x0000000089b00000| Untracked 
| 128|0x0000000089c00000, 0x0000000089c00000, 0x0000000089d00000|  0%| F|  |TAMS 0x0000000089c00000, 0x0000000089c00000| Untracked 
| 129|0x0000000089d00000, 0x0000000089d00000, 0x0000000089e00000|  0%| F|  |TAMS 0x0000000089d00000, 0x0000000089d00000| Untracked 
| 130|0x0000000089e00000, 0x0000000089e00000, 0x0000000089f00000|  0%| F|  |TAMS 0x0000000089e00000, 0x0000000089e00000| Untracked 
| 131|0x0000000089f00000, 0x0000000089f00000, 0x000000008a000000|  0%| F|  |TAMS 0x0000000089f00000, 0x0000000089f00000| Untracked 
| 132|0x000000008a000000, 0x000000008a000000, 0x000000008a100000|  0%| F|  |TAMS 0x000000008a000000, 0x000000008a000000| Untracked 
| 133|0x000000008a100000, 0x000000008a100000, 0x000000008a200000|  0%| F|  |TAMS 0x000000008a100000, 0x000000008a100000| Untracked 
| 134|0x000000008a200000, 0x000000008a200000, 0x000000008a300000|  0%| F|  |TAMS 0x000000008a200000, 0x000000008a200000| Untracked 
| 135|0x000000008a300000, 0x000000008a300000, 0x000000008a400000|  0%| F|  |TAMS 0x000000008a300000, 0x000000008a300000| Untracked 
| 136|0x000000008a400000, 0x000000008a4354a8, 0x000000008a500000| 20%| S|CS|TAMS 0x000000008a400000, 0x000000008a400000| Complete 
| 137|0x000000008a500000, 0x000000008a600000, 0x000000008a600000|100%| S|CS|TAMS 0x000000008a500000, 0x000000008a500000| Complete 
| 138|0x000000008a600000, 0x000000008a700000, 0x000000008a700000|100%| S|CS|TAMS 0x000000008a600000, 0x000000008a600000| Complete 
| 139|0x000000008a700000, 0x000000008a800000, 0x000000008a800000|100%| S|CS|TAMS 0x000000008a700000, 0x000000008a700000| Complete 
| 140|0x000000008a800000, 0x000000008a900000, 0x000000008a900000|100%| S|CS|TAMS 0x000000008a800000, 0x000000008a800000| Complete 
| 141|0x000000008a900000, 0x000000008a900000, 0x000000008aa00000|  0%| F|  |TAMS 0x000000008a900000, 0x000000008a900000| Untracked 
| 142|0x000000008aa00000, 0x000000008aa00000, 0x000000008ab00000|  0%| F|  |TAMS 0x000000008aa00000, 0x000000008aa00000| Untracked 
| 143|0x000000008ab00000, 0x000000008ab00000, 0x000000008ac00000|  0%| F|  |TAMS 0x000000008ab00000, 0x000000008ab00000| Untracked 
| 144|0x000000008ac00000, 0x000000008ac00000, 0x000000008ad00000|  0%| F|  |TAMS 0x000000008ac00000, 0x000000008ac00000| Untracked 
| 145|0x000000008ad00000, 0x000000008ad00000, 0x000000008ae00000|  0%| F|  |TAMS 0x000000008ad00000, 0x000000008ad00000| Untracked 
| 146|0x000000008ae00000, 0x000000008ae00000, 0x000000008af00000|  0%| F|  |TAMS 0x000000008ae00000, 0x000000008ae00000| Untracked 
| 147|0x000000008af00000, 0x000000008af00000, 0x000000008b000000|  0%| F|  |TAMS 0x000000008af00000, 0x000000008af00000| Untracked 
| 148|0x000000008b000000, 0x000000008b000000, 0x000000008b100000|  0%| F|  |TAMS 0x000000008b000000, 0x000000008b000000| Untracked 
| 149|0x000000008b100000, 0x000000008b100000, 0x000000008b200000|  0%| F|  |TAMS 0x000000008b100000, 0x000000008b100000| Untracked 
| 150|0x000000008b200000, 0x000000008b200000, 0x000000008b300000|  0%| F|  |TAMS 0x000000008b200000, 0x000000008b200000| Untracked 
| 151|0x000000008b300000, 0x000000008b300000, 0x000000008b400000|  0%| F|  |TAMS 0x000000008b300000, 0x000000008b300000| Untracked 
| 152|0x000000008b400000, 0x000000008b400000, 0x000000008b500000|  0%| F|  |TAMS 0x000000008b400000, 0x000000008b400000| Untracked 
| 153|0x000000008b500000, 0x000000008b500000, 0x000000008b600000|  0%| F|  |TAMS 0x000000008b500000, 0x000000008b500000| Untracked 

Card table byte_map: [0x000001a3f59d0000,0x000001a3f5dd0000] _byte_map_base: 0x000001a3f55c2000

Marking Bits (Prev, Next): (CMBitMap*) 0x000001a3f1a06890, (CMBitMap*) 0x000001a3f1a06858
 Prev Bits: [0x000001a3f8160000, 0x000001a3fa0f0000)
 Next Bits: [0x000001a3f61d0000, 0x000001a3f8160000)

Polling page: 0x000001a3ef910000

Metaspace:

Usage:
  Non-class:     49.59 MB capacity,    48.60 MB ( 98%) used,   816.15 KB (  2%) free+waste,   201.75 KB ( <1%) overhead. 
      Class:      7.98 MB capacity,     7.34 MB ( 92%) used,   559.65 KB (  7%) free+waste,    98.44 KB (  1%) overhead. 
       Both:     57.58 MB capacity,    55.94 MB ( 97%) used,     1.34 MB (  2%) free+waste,   300.19 KB ( <1%) overhead. 

Virtual space:
  Non-class space:       66.00 MB reserved,      49.75 MB ( 75%) committed 
      Class space:        1.00 GB reserved,       8.00 MB ( <1%) committed 
             Both:        1.06 GB reserved,      57.75 MB (  5%) committed 

Chunk freelists:
   Non-Class:  32.00 KB
       Class:  18.00 KB
        Both:  50.00 KB

MaxMetaspaceSize: 17179869184.00 GB
CompressedClassSpaceSize: 1.00 GB

CodeHeap 'non-profiled nmethods': size=238912Kb used=7726Kb max_used=7743Kb free=231186Kb
 bounds [0x000001a3806b0000, 0x000001a380e40000, 0x000001a38f000000]
CodeHeap 'non-nmethods': size=6848Kb used=1248Kb max_used=1248Kb free=5599Kb
 bounds [0x000001a380000000, 0x000001a380270000, 0x000001a3806b0000]
 total_blobs=5627 nmethods=5000 adapters=553
 compilation: disabled (not enough contiguous free space left)
              stopped_count=1, restarted_count=0
 full_count=1

Compilation events (20 events):
Event: 12.838 Thread 0x000001a3fcf7c800 5001       1       java.util.stream.AbstractPipeline::sequential (10 bytes)
Event: 12.838 Thread 0x000001a3fcf7c800 nmethod 5001 0x000001a380e3c690 code [0x000001a380e3c840, 0x000001a380e3c8f8]
Event: 12.839 Thread 0x000001a3fcf7c800 5002       1       java.util.stream.Streams$StreamBuilderImpl::tryAdvance (33 bytes)
Event: 12.839 Thread 0x000001a3fcf7c800 nmethod 5002 0x000001a380e3c990 code [0x000001a380e3cb60, 0x000001a380e3cd38]
Event: 12.840 Thread 0x000001a3fcf7c800 5003       1       java.util.regex.Pattern::atom (422 bytes)
Event: 12.842 Thread 0x000001a3fcf7c800 nmethod 5003 0x000001a380e3ce10 code [0x000001a380e3d0e0, 0x000001a380e3e038]
Event: 12.842 Thread 0x000001a3fcf7c800 5004       1       java.util.stream.Stream::of (13 bytes)
Event: 12.843 Thread 0x000001a3fcf7c800 nmethod 5004 0x000001a380e3e610 code [0x000001a380e3e7e0, 0x000001a380e3ea18]
Event: 12.843 Thread 0x000001a3fcf7c800 5005       1       java.util.stream.Streams$StreamBuilderImpl::<init> (16 bytes)
Event: 12.843 Thread 0x000001a3fcf7c800 nmethod 5005 0x000001a380e3eb10 code [0x000001a380e3ecc0, 0x000001a380e3edd8]
Event: 12.843 Thread 0x000001a3fcf7c800 5006       1       java.util.stream.Streams$AbstractStreamBuilderImpl::<init> (5 bytes)
Event: 12.843 Thread 0x000001a3fcf7c800 nmethod 5006 0x000001a380e3ee90 code [0x000001a380e3f040, 0x000001a380e3f0f8]
Event: 12.843 Thread 0x000001a3fcf7c800 5008       1       java.util.Spliterators::emptySpliterator (4 bytes)
Event: 12.843 Thread 0x000001a3fcf7c800 nmethod 5008 0x000001a380e3f190 code [0x000001a380e3f340, 0x000001a380e3f3d8]
Event: 12.843 Thread 0x000001a3fcf7c800 5009       1       java.util.stream.Stream::empty (8 bytes)
Event: 12.843 Thread 0x000001a3fcf7c800 nmethod 5009 0x000001a380e3f490 code [0x000001a380e3f660, 0x000001a380e3f7d8]
Event: 12.843 Thread 0x000001a3fcf7c800 5007       1       java.util.stream.ReferencePipeline::findFirst (12 bytes)
Event: 12.843 Thread 0x000001a3fcf7c800 nmethod 5007 0x000001a380e3f910 code [0x000001a380e3fac0, 0x000001a380e3fbc8]
Event: 12.843 Thread 0x000001a3fcf7c800 5010       1       java.util.Spliterators$EmptySpliterator$OfRef::tryAdvance (6 bytes)
Event: 12.844 Thread 0x000001a3fcf7c800 


GC Heap History (20 events):
Event: 2.910 GC heap after
{Heap after GC invocations=2 (full 0):
 garbage-first heap   total 131072K, used 7759K [0x0000000081c00000, 0x0000000100000000)
  region size 1024K, 1 young (1024K), 1 survivors (1024K)
 Metaspace       used 14256K, capacity 14658K, committed 14720K, reserved 1062912K
  class space    used 1504K, capacity 1634K, committed 1664K, reserved 1048576K
}
Event: 3.060 GC heap before
{Heap before GC invocations=2 (full 0):
 garbage-first heap   total 131072K, used 30287K [0x0000000081c00000, 0x0000000100000000)
  region size 1024K, 24 young (24576K), 1 survivors (1024K)
 Metaspace       used 14639K, capacity 14973K, committed 15104K, reserved 1062912K
  class space    used 1551K, capacity 1675K, committed 1792K, reserved 1048576K
}
Event: 3.063 GC heap after
{Heap after GC invocations=3 (full 0):
 garbage-first heap   total 131072K, used 7940K [0x0000000081c00000, 0x0000000100000000)
  region size 1024K, 2 young (2048K), 2 survivors (2048K)
 Metaspace       used 14639K, capacity 14973K, committed 15104K, reserved 1062912K
  class space    used 1551K, capacity 1675K, committed 1792K, reserved 1048576K
}
Event: 3.985 GC heap before
{Heap before GC invocations=3 (full 0):
 garbage-first heap   total 131072K, used 42756K [0x0000000081c00000, 0x0000000100000000)
  region size 1024K, 37 young (37888K), 2 survivors (2048K)
 Metaspace       used 18125K, capacity 18686K, committed 18944K, reserved 1067008K
  class space    used 2039K, capacity 2265K, committed 2304K, reserved 1048576K
}
Event: 4.026 GC heap after
{Heap after GC invocations=4 (full 0):
 garbage-first heap   total 131072K, used 8938K [0x0000000081c00000, 0x0000000100000000)
  region size 1024K, 3 young (3072K), 3 survivors (3072K)
 Metaspace       used 18125K, capacity 18686K, committed 18944K, reserved 1067008K
  class space    used 2039K, capacity 2265K, committed 2304K, reserved 1048576K
}
Event: 4.288 GC heap before
{Heap before GC invocations=4 (full 0):
 garbage-first heap   total 131072K, used 19178K [0x0000000081c00000, 0x0000000100000000)
  region size 1024K, 14 young (14336K), 3 survivors (3072K)
 Metaspace       used 20309K, capacity 21082K, committed 21248K, reserved 1067008K
  class space    used 2394K, capacity 2699K, committed 2816K, reserved 1048576K
}
Event: 4.299 GC heap after
{Heap after GC invocations=5 (full 0):
 garbage-first heap   total 131072K, used 9717K [0x0000000081c00000, 0x0000000100000000)
  region size 1024K, 3 young (3072K), 3 survivors (3072K)
 Metaspace       used 20309K, capacity 21082K, committed 21248K, reserved 1067008K
  class space    used 2394K, capacity 2699K, committed 2816K, reserved 1048576K
}
Event: 5.618 GC heap before
{Heap before GC invocations=6 (full 0):
 garbage-first heap   total 131072K, used 83445K [0x0000000081c00000, 0x0000000100000000)
  region size 1024K, 76 young (77824K), 3 survivors (3072K)
 Metaspace       used 25576K, capacity 26519K, committed 26752K, reserved 1073152K
  class space    used 3058K, capacity 3408K, committed 3456K, reserved 1048576K
}
Event: 5.633 GC heap after
{Heap after GC invocations=7 (full 0):
 garbage-first heap   total 131072K, used 11645K [0x0000000081c00000, 0x0000000100000000)
  region size 1024K, 5 young (5120K), 5 survivors (5120K)
 Metaspace       used 25576K, capacity 26519K, committed 26752K, reserved 1073152K
  class space    used 3058K, capacity 3408K, committed 3456K, reserved 1048576K
}
Event: 8.106 GC heap before
{Heap before GC invocations=7 (full 0):
 garbage-first heap   total 131072K, used 84349K [0x0000000081c00000, 0x0000000100000000)
  region size 1024K, 76 young (77824K), 5 survivors (5120K)
 Metaspace       used 31604K, capacity 32870K, committed 33024K, reserved 1077248K
  class space    used 4004K, capacity 4533K, committed 4608K, reserved 1048576K
}
Event: 8.121 GC heap after
{Heap after GC invocations=8 (full 0):
 garbage-first heap   total 131072K, used 14975K [0x0000000081c00000, 0x0000000100000000)
  region size 1024K, 8 young (8192K), 8 survivors (8192K)
 Metaspace       used 31604K, capacity 32870K, committed 33024K, reserved 1077248K
  class space    used 4004K, capacity 4533K, committed 4608K, reserved 1048576K
}
Event: 8.713 GC heap before
{Heap before GC invocations=8 (full 0):
 garbage-first heap   total 131072K, used 83583K [0x0000000081c00000, 0x0000000100000000)
  region size 1024K, 76 young (77824K), 8 survivors (8192K)
 Metaspace       used 33533K, capacity 34889K, committed 35072K, reserved 1079296K
  class space    used 4208K, capacity 4758K, committed 4864K, reserved 1048576K
}
Event: 8.730 GC heap after
{Heap after GC invocations=9 (full 0):
 garbage-first heap   total 157696K, used 16272K [0x0000000081c00000, 0x0000000100000000)
  region size 1024K, 6 young (6144K), 6 survivors (6144K)
 Metaspace       used 33533K, capacity 34889K, committed 35072K, reserved 1079296K
  class space    used 4208K, capacity 4758K, committed 4864K, reserved 1048576K
}
Event: 9.031 GC heap before
{Heap before GC invocations=9 (full 0):
 garbage-first heap   total 157696K, used 54160K [0x0000000081c00000, 0x0000000100000000)
  region size 1024K, 45 young (46080K), 6 survivors (6144K)
 Metaspace       used 34364K, capacity 35706K, committed 35840K, reserved 1081344K
  class space    used 4330K, capacity 4882K, committed 4992K, reserved 1048576K
}
Event: 9.043 GC heap after
{Heap after GC invocations=10 (full 0):
 garbage-first heap   total 157696K, used 16748K [0x0000000081c00000, 0x0000000100000000)
  region size 1024K, 6 young (6144K), 6 survivors (6144K)
 Metaspace       used 34364K, capacity 35706K, committed 35840K, reserved 1081344K
  class space    used 4330K, capacity 4882K, committed 4992K, reserved 1048576K
}
Event: 11.189 GC heap before
{Heap before GC invocations=11 (full 0):
 garbage-first heap   total 157696K, used 104812K [0x0000000081c00000, 0x0000000100000000)
  region size 1024K, 92 young (94208K), 6 survivors (6144K)
 Metaspace       used 47397K, capacity 48824K, committed 49024K, reserved 1091584K
  class space    used 6088K, capacity 6666K, committed 6784K, reserved 1048576K
}
Event: 11.206 GC heap after
{Heap after GC invocations=12 (full 0):
 garbage-first heap   total 157696K, used 23201K [0x0000000081c00000, 0x0000000100000000)
  region size 1024K, 12 young (12288K), 12 survivors (12288K)
 Metaspace       used 47397K, capacity 48824K, committed 49024K, reserved 1091584K
  class space    used 6088K, capacity 6666K, committed 6784K, reserved 1048576K
}
Event: 12.795 GC heap before
{Heap before GC invocations=12 (full 0):
 garbage-first heap   total 157696K, used 94881K [0x0000000081c00000, 0x0000000100000000)
  region size 1024K, 83 young (84992K), 12 survivors (12288K)
 Metaspace       used 56277K, capacity 57852K, committed 57984K, reserved 1105920K
  class space    used 7329K, capacity 7962K, committed 8064K, reserved 1048576K
}
Event: 12.819 GC heap after
{Heap after GC invocations=13 (full 0):
 garbage-first heap   total 157696K, used 26731K [0x0000000081c00000, 0x0000000100000000)
  region size 1024K, 4 young (4096K), 4 survivors (4096K)
 Metaspace       used 56277K, capacity 57852K, committed 57984K, reserved 1105920K
  class space    used 7329K, capacity 7962K, committed 8064K, reserved 1048576K
}
Event: 13.097 GC heap before
{Heap before GC invocations=14 (full 0):
 garbage-first heap   total 157696K, used 39019K [0x0000000081c00000, 0x0000000100000000)
  region size 1024K, 17 young (17408K), 4 survivors (4096K)
 Metaspace       used 57282K, capacity 58958K, committed 59136K, reserved 1116160K
  class space    used 7515K, capacity 8174K, committed 8192K, reserved 1048576K
}

Deoptimization events (4 events):
Event: 6.967 Thread 0x000001a3fdafc800 DEOPT PACKING pc=0x000001a38099c6e4 sp=0x0000002e607fd420
Event: 6.967 Thread 0x000001a3fdafc800 DEOPT UNPACKING pc=0x000001a3800272ce sp=0x0000002e607fc988 mode 0
Event: 12.537 Thread 0x000001a3fdafc800 DEOPT PACKING pc=0x000001a3809e77af sp=0x0000002e607fbbb0
Event: 12.537 Thread 0x000001a3fdafc800 DEOPT UNPACKING pc=0x000001a3800272ce sp=0x0000002e607fb0b8 mode 3

Classes redefined (0 events):
No events

Internal exceptions (20 events):
Event: 12.451 Thread 0x000001a3fdafc800 Exception <a 'java/lang/ClassNotFoundException'{0x0000000087fc9978}: org/springframework/beans/factory/AwareCustomizer> (0x0000000087fc9978) thrown at [./src/hotspot/share/classfile/systemDictionary.cpp, line 231]
Event: 12.451 Thread 0x000001a3fdafc800 Exception <a 'java/lang/ClassNotFoundException'{0x0000000087fd98f0}: org/springframework/beans/factory/BeanFactoryAwareCustomizer> (0x0000000087fd98f0) thrown at [./src/hotspot/share/classfile/systemDictionary.cpp, line 231]
Event: 12.452 Thread 0x000001a3fdafc800 Exception <a 'java/lang/ClassNotFoundException'{0x0000000087fe93e0}: org/springframework/beans/factory/AwareCustomizer> (0x0000000087fe93e0) thrown at [./src/hotspot/share/classfile/systemDictionary.cpp, line 231]
Event: 12.452 Thread 0x000001a3fdafc800 Exception <a 'java/lang/ClassNotFoundException'{0x0000000087ffa200}: org/springframework/context/ApplicationEventPublisherAwareCustomizer> (0x0000000087ffa200) thrown at [./src/hotspot/share/classfile/systemDictionary.cpp, line 231]
Event: 12.453 Thread 0x000001a3fdafc800 Exception <a 'java/lang/ClassNotFoundException'{0x0000000087e0a418}: org/springframework/beans/factory/AwareCustomizer> (0x0000000087e0a418) thrown at [./src/hotspot/share/classfile/systemDictionary.cpp, line 231]
Event: 12.459 Thread 0x000001a3fdafc800 Exception <a 'java/lang/ClassNotFoundException'{0x0000000087e4a9d0}: java/lang/ObjectCustomizer> (0x0000000087e4a9d0) thrown at [./src/hotspot/share/classfile/systemDictionary.cpp, line 231]
Event: 12.460 Thread 0x000001a3fdafc800 Exception <a 'java/lang/ClassNotFoundException'{0x0000000087e5eab0}: org/springframework/core/io/support/PropertiesLoaderSupportCustomizer> (0x0000000087e5eab0) thrown at [./src/hotspot/share/classfile/systemDictionary.cpp, line 231]
Event: 12.461 Thread 0x000001a3fdafc800 Exception <a 'java/lang/ClassNotFoundException'{0x0000000087e78498}: org/springframework/beans/factory/config/PropertiesFactoryBeanCustomizer> (0x0000000087e78498) thrown at [./src/hotspot/share/classfile/systemDictionary.cpp, line 231]
Event: 12.462 Thread 0x000001a3fdafc800 Exception <a 'java/lang/ClassNotFoundException'{0x0000000087e98298}: org/springframework/beans/factory/FactoryBeanCustomizer> (0x0000000087e98298) thrown at [./src/hotspot/share/classfile/systemDictionary.cpp, line 231]
Event: 12.463 Thread 0x000001a3fdafc800 Exception <a 'java/lang/ClassNotFoundException'{0x0000000087eaa9d0}: org/springframework/beans/factory/InitializingBeanCustomizer> (0x0000000087eaa9d0) thrown at [./src/hotspot/share/classfile/systemDictionary.cpp, line 231]
Event: 12.770 Thread 0x000001a3fdafc800 Exception <a 'java/lang/ClassNotFoundException'{0x00000000871fd320}: java/lang/ObjectCustomizer> (0x00000000871fd320) thrown at [./src/hotspot/share/classfile/systemDictionary.cpp, line 231]
Event: 12.773 Thread 0x000001a3fdafc800 Exception <a 'java/lang/ClassNotFoundException'{0x000000008700f340}: kz/ktu/touroperator/model/UserCustomizer> (0x000000008700f340) thrown at [./src/hotspot/share/classfile/systemDictionary.cpp, line 231]
Event: 12.777 Thread 0x000001a3fdafc800 Exception <a 'java/lang/ClassNotFoundException'{0x000000008703e2f0}: org/springframework/security/core/userdetails/UserDetailsCustomizer> (0x000000008703e2f0) thrown at [./src/hotspot/share/classfile/systemDictionary.cpp, line 231]
Event: 12.824 Thread 0x000001a3fe7ea800 Exception <a 'java/lang/OutOfMemoryError'{0x000000008b582018}: unable to create native thread: possibly out of memory or process/resource limits reached> (0x000000008b582018) thrown at [./src/hotspot/share/prims/jvm.cpp, line 2923]
Event: 12.828 Thread 0x000001a3fdafc800 Exception <a 'java/lang/NoSuchMethodError'{0x000000008b528950}: 'int java.lang.invoke.DirectMethodHandle$Holder.invokeVirtual(java.lang.Object, java.lang.Object, java.lang.Object)'> (0x000000008b528950) thrown at [./src/hotspot/share/interpreter/linkResolver.cpp, line 773]
Event: 12.888 Thread 0x000001a3fdafc800 Exception <a 'java/lang/IncompatibleClassChangeError'{0x000000008b311990}: Found class java.lang.Object, but interface was expected> (0x000000008b311990) thrown at [./src/hotspot/share/interpreter/linkResolver.cpp, line 839]
Event: 13.042 Thread 0x000001a3fdafc800 Exception <a 'java/lang/reflect/InvocationTargetException'{0x000000008ac73538}> (0x000000008ac73538) thrown at [./src/hotspot/share/runtime/reflection.cpp, line 1247]
Event: 13.060 Thread 0x000001a3fdafc800 Exception <a 'java/lang/NoSuchMethodError'{0x000000008ab05d90}: 'java.lang.Object java.lang.invoke.DirectMethodHandle$Holder.invokeStatic(java.lang.Object, java.lang.Object, int, java.lang.Object)'> (0x000000008ab05d90) thrown at [./src/hotspot/share/interpreter/linkResolver.cpp, line 773]
Event: 13.060 Thread 0x000001a3fdafc800 Exception <a 'java/lang/NoSuchMethodError'{0x000000008ab0cc48}: 'java.lang.Object java.lang.invoke.Invokers$Holder.linkToTargetMethod(java.lang.Object, int, java.lang.Object)'> (0x000000008ab0cc48) thrown at [./src/hotspot/share/interpreter/linkResolver.cpp, line 773]
Event: 13.066 Thread 0x000001a3fdafc800 Exception <a 'java/lang/IncompatibleClassChangeError'{0x000000008ab452e0}: Found class java.lang.Object, but interface was expected> (0x000000008ab452e0) thrown at [./src/hotspot/share/interpreter/linkResolver.cpp, line 839]

Events (20 events):
Event: 13.092 Thread 0x000001a3fcf81000 flushing nmethod 0x000001a38081f790
Event: 13.093 loading class org/hibernate/query/criteria/internal/predicate/ComparisonPredicate
Event: 13.093 loading class org/hibernate/query/criteria/internal/predicate/ComparisonPredicate done
Event: 13.094 loading class org/hibernate/query/criteria/internal/expression/BinaryOperatorExpression
Event: 13.094 loading class org/hibernate/query/criteria/internal/expression/BinaryOperatorExpression done
Event: 13.094 loading class org/hibernate/query/criteria/internal/predicate/AbstractSimplePredicate
Event: 13.094 loading class org/hibernate/query/criteria/internal/predicate/AbstractSimplePredicate done
Event: 13.094 loading class org/hibernate/query/criteria/internal/predicate/AbstractPredicateImpl
Event: 13.094 loading class org/hibernate/query/criteria/internal/predicate/AbstractPredicateImpl done
Event: 13.095 loading class org/hibernate/query/criteria/internal/predicate/PredicateImplementor
Event: 13.095 loading class org/hibernate/query/criteria/internal/predicate/PredicateImplementor done
Event: 13.095 loading class javax/persistence/criteria/Predicate
Event: 13.095 loading class javax/persistence/criteria/Predicate done
Event: 13.096 loading class org/hibernate/query/criteria/internal/predicate/ComparisonPredicate$ComparisonOperator
Event: 13.096 loading class org/hibernate/query/criteria/internal/predicate/ComparisonPredicate$ComparisonOperator done
Event: 13.096 loading class org/hibernate/query/criteria/internal/predicate/ComparisonPredicate$ComparisonOperator$1
Event: 13.096 loading class org/hibernate/query/criteria/internal/predicate/ComparisonPredicate$ComparisonOperator$1 done
Event: 13.096 loading class org/hibernate/query/criteria/internal/predicate/ComparisonPredicate$ComparisonOperator$2
Event: 13.096 loading class org/hibernate/query/criteria/internal/predicate/ComparisonPredicate$ComparisonOperator$2 done
Event: 13.097 Executing VM operation: CollectForMetadataAllocation


Dynamic libraries:
0x00007ff6ecb80000 - 0x00007ff6ecb8a000 	G:\Soft\IntelliJ IDEA 2020.3\jbr\bin\java.exe
0x00007ffd11990000 - 0x00007ffd11b86000 	C:\WINDOWS\SYSTEM32\ntdll.dll
0x00007ffd10450000 - 0x00007ffd1050d000 	C:\WINDOWS\System32\KERNEL32.DLL
0x00007ffd0f100000 - 0x00007ffd0f3c9000 	C:\WINDOWS\System32\KERNELBASE.dll
0x00007ffd09140000 - 0x00007ffd09159000 	G:\Soft\IntelliJ IDEA 2020.3\jbr\bin\jli.dll
0x00007ffd0f5f0000 - 0x00007ffd0f6f0000 	C:\WINDOWS\System32\ucrtbase.dll
0x00007ffd09120000 - 0x00007ffd09137000 	G:\Soft\IntelliJ IDEA 2020.3\jbr\bin\VCRUNTIME140.dll
0x00007ffd10aa0000 - 0x00007ffd10c40000 	C:\WINDOWS\System32\USER32.dll
0x00007ffd0f4b0000 - 0x00007ffd0f4d2000 	C:\WINDOWS\System32\win32u.dll
0x00007ffd10a60000 - 0x00007ffd10a8a000 	C:\WINDOWS\System32\GDI32.dll
0x00007ffcfa780000 - 0x00007ffcfaa1b000 	C:\WINDOWS\WinSxS\amd64_microsoft.windows.common-controls_6595b64144ccf1df_6.0.19041.746_none_ca02b4b61b8320a4\COMCTL32.dll
0x00007ffd0f4e0000 - 0x00007ffd0f5eb000 	C:\WINDOWS\System32\gdi32full.dll
0x00007ffd10e70000 - 0x00007ffd10f0e000 	C:\WINDOWS\System32\msvcrt.dll
0x00007ffd0f7f0000 - 0x00007ffd0f88d000 	C:\WINDOWS\System32\msvcp_win.dll
0x00007ffd10020000 - 0x00007ffd10050000 	C:\WINDOWS\System32\IMM32.DLL
0x00007ffcf3d20000 - 0x00007ffcf3dbd000 	G:\Soft\IntelliJ IDEA 2020.3\jbr\bin\msvcp140.dll
0x00007ffcc6b70000 - 0x00007ffcc763e000 	G:\Soft\IntelliJ IDEA 2020.3\jbr\bin\server\jvm.dll
0x00007ffd10050000 - 0x00007ffd100fc000 	C:\WINDOWS\System32\ADVAPI32.dll
0x00007ffd10c40000 - 0x00007ffd10cdc000 	C:\WINDOWS\System32\sechost.dll
0x00007ffd10ce0000 - 0x00007ffd10e0b000 	C:\WINDOWS\System32\RPCRT4.dll
0x00007ffd10a90000 - 0x00007ffd10a98000 	C:\WINDOWS\System32\PSAPI.DLL
0x00007ffcf44f0000 - 0x00007ffcf44f9000 	C:\WINDOWS\SYSTEM32\WSOCK32.dll
0x00007ffd10380000 - 0x00007ffd103eb000 	C:\WINDOWS\System32\WS2_32.dll
0x00007ffcfd0b0000 - 0x00007ffcfd0d7000 	C:\WINDOWS\SYSTEM32\WINMM.dll
0x00007ffd04180000 - 0x00007ffd0418a000 	C:\WINDOWS\SYSTEM32\VERSION.dll
0x00007ffd0dc10000 - 0x00007ffd0dc22000 	C:\WINDOWS\SYSTEM32\kernel.appcore.dll
0x00007ffd08640000 - 0x00007ffd08651000 	G:\Soft\IntelliJ IDEA 2020.3\jbr\bin\verify.dll
0x00007ffd0d6e0000 - 0x00007ffd0d8c4000 	C:\WINDOWS\SYSTEM32\DBGHELP.DLL
0x00007ffd00a30000 - 0x00007ffd00a5c000 	C:\WINDOWS\SYSTEM32\dbgcore.DLL
0x00007ffd0f3d0000 - 0x00007ffd0f450000 	C:\WINDOWS\System32\bcryptPrimitives.dll
0x00007ffd007c0000 - 0x00007ffd007e9000 	G:\Soft\IntelliJ IDEA 2020.3\jbr\bin\java.dll
0x00007ffd08740000 - 0x00007ffd0874b000 	G:\Soft\IntelliJ IDEA 2020.3\jbr\bin\jimage.dll
0x00007ffd0b900000 - 0x00007ffd0b90f000 	G:\Soft\IntelliJ IDEA 2020.3\jbr\bin\instrument.dll
0x00007ffd08620000 - 0x00007ffd08638000 	G:\Soft\IntelliJ IDEA 2020.3\jbr\bin\zip.dll
0x00007ffd111e0000 - 0x00007ffd11922000 	C:\WINDOWS\System32\SHELL32.dll
0x00007ffd0ce30000 - 0x00007ffd0d5c0000 	C:\WINDOWS\SYSTEM32\windows.storage.dll
0x00007ffd0f9f0000 - 0x00007ffd0fd46000 	C:\WINDOWS\System32\combase.dll
0x00007ffd0e990000 - 0x00007ffd0e9bc000 	C:\WINDOWS\SYSTEM32\Wldp.dll
0x00007ffd11130000 - 0x00007ffd111de000 	C:\WINDOWS\System32\SHCORE.dll
0x00007ffd0ff30000 - 0x00007ffd0ff85000 	C:\WINDOWS\System32\shlwapi.dll
0x00007ffd0f000000 - 0x00007ffd0f026000 	C:\WINDOWS\SYSTEM32\profapi.dll
0x00007ffd01cd0000 - 0x00007ffd01cea000 	G:\Soft\IntelliJ IDEA 2020.3\jbr\bin\net.dll
0x00007ffd05390000 - 0x00007ffd05490000 	C:\WINDOWS\SYSTEM32\WINHTTP.dll
0x00007ffd0e780000 - 0x00007ffd0e7ea000 	C:\WINDOWS\system32\mswsock.dll
0x00007ffd00610000 - 0x00007ffd00624000 	G:\Soft\IntelliJ IDEA 2020.3\jbr\bin\nio.dll
0x00007ffd090e0000 - 0x00007ffd090fa000 	G:\Soft\IntelliJ IDEA 2020.3\bin\breakgen64.dll
0x00007ffd0e4d0000 - 0x00007ffd0e59b000 	C:\WINDOWS\SYSTEM32\DNSAPI.dll
0x00007ffd0e490000 - 0x00007ffd0e4cb000 	C:\WINDOWS\SYSTEM32\IPHLPAPI.DLL
0x00007ffd10f70000 - 0x00007ffd10f78000 	C:\WINDOWS\System32\NSI.dll
0x00000000636d0000 - 0x00000000636f6000 	C:\Program Files\Bonjour\mdnsNSP.dll
0x00007ffd043a0000 - 0x00007ffd043aa000 	C:\Windows\System32\rasadhlp.dll
0x00007ffd043f0000 - 0x00007ffd0446f000 	C:\WINDOWS\System32\fwpuclnt.dll
0x00007ffd0f0d0000 - 0x00007ffd0f0f7000 	C:\WINDOWS\System32\bcrypt.dll
0x00007ffd085f0000 - 0x00007ffd085fa000 	G:\Soft\IntelliJ IDEA 2020.3\jbr\bin\management.dll
0x00007ffd00750000 - 0x00007ffd0075c000 	G:\Soft\IntelliJ IDEA 2020.3\jbr\bin\management_ext.dll
0x00007ffd0ed90000 - 0x00007ffd0eda8000 	C:\WINDOWS\SYSTEM32\CRYPTSP.dll
0x00007ffd0e140000 - 0x00007ffd0e174000 	C:\WINDOWS\system32\rsaenh.dll
0x00007ffd0ef80000 - 0x00007ffd0efae000 	C:\WINDOWS\SYSTEM32\USERENV.dll
0x00007ffd0e900000 - 0x00007ffd0e90c000 	C:\WINDOWS\SYSTEM32\CRYPTBASE.dll
0x00007ffd07ff0000 - 0x00007ffd08007000 	C:\WINDOWS\SYSTEM32\dhcpcsvc6.DLL
0x00007ffd07f60000 - 0x00007ffd07f7d000 	C:\WINDOWS\SYSTEM32\dhcpcsvc.DLL
0x00007ffcf8220000 - 0x00007ffcf8237000 	C:\WINDOWS\system32\napinsp.dll
0x00007ffcf8200000 - 0x00007ffcf821b000 	C:\WINDOWS\system32\pnrpnsp.dll
0x00007ffcf81e0000 - 0x00007ffcf81f5000 	C:\WINDOWS\system32\wshbth.dll
0x00007ffd0b390000 - 0x00007ffd0b3ad000 	C:\WINDOWS\system32\NLAapi.dll
0x00007ffcf81c0000 - 0x00007ffcf81d2000 	C:\WINDOWS\System32\winrnr.dll
0x00007ffd005e0000 - 0x00007ffd00608000 	G:\Soft\IntelliJ IDEA 2020.3\jbr\bin\sunec.dll

dbghelp: loaded successfully - version: 4.0.5 - missing functions: none
symbol engine: initialized successfully - sym options: 0x614 - pdb path: (cannot be retrieved)

VM Arguments:
jvm_args: -XX:TieredStopAtLevel=1 -Xverify:none -Dspring.output.ansi.enabled=always -javaagent:G:\Soft\IntelliJ IDEA 2020.3\lib\idea_rt.jar=62635:G:\Soft\IntelliJ IDEA 2020.3\bin -Dcom.sun.management.jmxremote -Dspring.jmx.enabled=true -Dspring.liveBeansView.mbeanDomain -Dspring.application.admin.enabled=true -Dfile.encoding=UTF-8 
java_command: kz.ktu.touroperator.TourOperatorApplication
java_class_path (initial): C:\Users\ergaz\IdeaProjects\tour-operator\target\classes;C:\Users\ergaz\.m2\repository\org\springframework\boot\spring-boot-starter-freemarker\2.4.2\spring-boot-starter-freemarker-2.4.2.jar;C:\Users\ergaz\.m2\repository\org\springframework\boot\spring-boot-starter\2.4.2\spring-boot-starter-2.4.2.jar;C:\Users\ergaz\.m2\repository\org\springframework\boot\spring-boot-starter-logging\2.4.2\spring-boot-starter-logging-2.4.2.jar;C:\Users\ergaz\.m2\repository\ch\qos\logback\logback-classic\1.2.3\logback-classic-1.2.3.jar;C:\Users\ergaz\.m2\repository\ch\qos\logback\logback-core\1.2.3\logback-core-1.2.3.jar;C:\Users\ergaz\.m2\repository\org\apache\logging\log4j\log4j-to-slf4j\2.13.3\log4j-to-slf4j-2.13.3.jar;C:\Users\ergaz\.m2\repository\org\apache\logging\log4j\log4j-api\2.13.3\log4j-api-2.13.3.jar;C:\Users\ergaz\.m2\repository\org\slf4j\jul-to-slf4j\1.7.30\jul-to-slf4j-1.7.30.jar;C:\Users\ergaz\.m2\repository\jakarta\annotation\jakarta.annotation-api\1.3.5\jakarta.annotation-api-1.3.5.jar;C:\Users\ergaz\.m2\repository\org\yaml\snakeyaml\1.27\snakeyaml-1.27.jar;C:\Users\ergaz\.m2\repository\org\freemarker\freemarker\2.3.30\freemarker-2.3.30.jar;C:\Users\ergaz\.m2\repository\org\springframework\spring-context-support\5.3.3\spring-context-support-5.3.3.jar;C:\Users\ergaz\.m2\repository\org\springframework\spring-beans\5.3.3\spring-beans-5.3.3.jar;C:\Users\ergaz\.m2\repository\org\springframework\spring-context\5.3.3\spring-context-5.3.3.jar;C:\Users\ergaz\.m2\repository\org\springframework\boot\spring-boot-starter-web\2.4.2\spring-boot-starter-web-2.4.2.jar;C:\Users\ergaz\.m2\repository\org\springframework\boot\spring-boot-starter-json\2.4.2\spring-boot-starter-json-2.4.2.jar;C:\Users\ergaz\.m2\repository\com\fasterxml\jackson\core\jackson-databind\2.11.4\jackson-databind-2.11.4.jar;C:\Users\ergaz\.m2\repository\com\fasterxml\jackson\core\jackson-annotations\2.11.4\jackson-annotations-2.11.4.jar;C:\Users\ergaz\.m2\repository\com\fasterxml\jackso
Launcher Type: SUN_STANDARD

[Global flags]
     bool BytecodeVerificationLocal                = false                                     {product} {command line}
     bool BytecodeVerificationRemote               = false                                     {product} {command line}
     intx CICompilerCount                          = 3                                         {product} {ergonomic}
     uint ConcGCThreads                            = 1                                         {product} {ergonomic}
     uint G1ConcRefinementThreads                  = 4                                         {product} {ergonomic}
   size_t G1HeapRegionSize                         = 1048576                                   {product} {ergonomic}
    uintx GCDrainStackTargetSize                   = 64                                        {product} {ergonomic}
   size_t InitialHeapSize                          = 134217728                                 {product} {ergonomic}
     bool ManagementServer                         = true                                      {product} {command line}
   size_t MarkStackSize                            = 4194304                                   {product} {ergonomic}
   size_t MaxHeapSize                              = 2118123520                                {product} {ergonomic}
   size_t MaxNewSize                               = 1270874112                                {product} {ergonomic}
   size_t MinHeapDeltaBytes                        = 1048576                                   {product} {ergonomic}
    uintx NonNMethodCodeHeapSize                   = 6973028                                {pd product} {ergonomic}
    uintx NonProfiledCodeHeapSize                  = 244685212                              {pd product} {ergonomic}
    uintx ProfiledCodeHeapSize                     = 0                                      {pd product} {ergonomic}
    uintx ReservedCodeCacheSize                    = 251658240                              {pd product} {ergonomic}
     bool SegmentedCodeCache                       = true                                      {product} {ergonomic}
     intx TieredStopAtLevel                        = 1                                         {product} {command line}
     bool UseCompressedClassPointers               = true                                 {lp64_product} {ergonomic}
     bool UseCompressedOops                        = true                                 {lp64_product} {ergonomic}
     bool UseG1GC                                  = true                                      {product} {ergonomic}
     bool UseLargePagesIndividualAllocation        = false                                  {pd product} {ergonomic}

Logging:
Log output configuration:
 #0: stdout all=warning uptime,level,tags
 #1: stderr all=off uptime,level,tags

Environment Variables:
JAVA_HOME=C:\Program Files\Java\jdk1.8.0_161
PATH=G:\WINDOWS.X64_193000_db_home\bin;G:\Installers\WINDOWS.X64_193000_db_home\bin;C:\Users\ergaz\Downloads\WINDOWS.X64_193000_db_home\bin;C:\Program Files\Microsoft MPI\Bin\;C:\Program Files (x86)\Common Files\Oracle\Java\javapath;C:\ProgramData\Oracle\Java\javapath;C:\WINDOWS\system32;C:\WINDOWS;C:\WINDOWS\System32\Wbem;C:\WINDOWS\System32\WindowsPowerShell\v1.0\;C:\Program Files (x86)\Common Files\Acronis\VirtualFile\;C:\Program Files (x86)\Common Files\Acronis\VirtualFile64\;C:\Program Files (x86)\Common Files\Acronis\FileProtector\;C:\Program Files (x86)\Common Files\Acronis\FileProtector64\;C:\Program Files (x86)\Common Files\Acronis\SnapAPI\;C:\WINDOWS\System32\OpenSSH\;C:\Program Files\NVIDIA Corporation\NVIDIA NvDLISR;G:\Soft\2.6.4\bin\i386-Win32;c:\Program Files (x86)\Microsoft SQL Server\110\Tools\Binn\;c:\Program Files\Microsoft SQL Server\110\Tools\Binn\;c:\Program Files\Microsoft SQL Server\110\DTS\Binn\;c:\Program Files (x86)\Microsoft SQL Server\110\Tools\Binn\ManagementStudio\;c:\Program Files (x86)\Microsoft SQL Server\110\DTS\Binn\;C:\Program Files (x86)\NVIDIA Corporation\PhysX\Common;C:\Program Files\Git\cmd;C:\WINDOWS\system32;C:\WINDOWS;C:\WINDOWS\System32\Wbem;C:\WINDOWS\System32\WindowsPowerShell\v1.0\;C:\WINDOWS\System32\OpenSSH\;G:\Soft\nodejs\;C:\Program Files\Java\jdk1.8.0_161\bin;C:\Program Files\MySQL\MySQL Shell 8.0\bin\;C:\Users\ergaz\AppData\Local\Microsoft\WindowsApps;C:\Users\ergaz\AppData\Roaming\npm;C:\Program Files\Java\jdk1.8.0_161\bin;C:\Users\ergaz\AppData\Local\GitHubDesktop\bin
USERNAME=ergaz
OS=Windows_NT
PROCESSOR_IDENTIFIER=Intel64 Family 6 Model 69 Stepping 1, GenuineIntel



---------------  S Y S T E M  ---------------

OS: Windows 10 , 64 bit Build 19041 (10.0.19041.804)
OS uptime: 0 days 11:27 hours
HyperV virtualization detected

CPU:total 4 (initial active 4) (2 cores per cpu, 2 threads per core) family 6 model 69 stepping 1, cmov, cx8, fxsr, mmx, sse, sse2, sse3, ssse3, sse4.1, sse4.2, popcnt, avx, avx2, aes, clmul, erms, lzcnt, ht, tsc, tscinvbit, bmi1, bmi2, fma

Memory: 4k page, system-wide physical 8075M (1399M free)
TotalPageFile size 9099M (AvailPageFile size 0M)
current process WorkingSet (physical memory assigned to process): 262M, peak: 262M
current process commit charge ("private bytes"): 310M, peak: 341M

vm_info: OpenJDK 64-Bit Server VM (11.0.9.1+11-b1145.63) for windows-amd64 JRE (11.0.9.1+11-b1145.63), built on Dec 21 2020 13:58:54 by "" with MS VC++ 14.0 (VS2015)

END.
